Sat May 23 17:05:19 UTC 2020 : python bin/train_class_glow.py data/train.39.pkl models/epoch1_class3.mdlc
No. of samples considered:535, batch_size:64, num_training iterations (max):70, lr:5e-05
The total number of params: 71040 and the number of trainable params:71040
No. of Flowsteps:12, No.of Multiscale layers:1
Try to push to device: cuda:0
epoch:1	class:3	Push model to cuda:0. Done.
epoch:1	class:3	Step:0	b:8	Loss:6959.5751953125	NLL:6517.04541015625
epoch:1	class:3	Step:1	b:8	Loss:2159.768798828125	NLL:1335.98779296875
epoch:1	class:3	Step:2	b:8	Loss:569.4098510742188	NLL:368.2390441894531
epoch:1	class:3	Step:3	b:8	Loss:191.03810119628906	NLL:109.86283111572266
epoch:1	class:3	Step:4	b:8	Loss:74.57149505615234	NLL:56.85630416870117
epoch:1	class:3	Latest NLL:	71.48452758789062
Time elapsed measured in seconds:81.28764152247459
         1          71.4845             +nan
Convergence threshold:0.01
Consecutive criteria failed, Buffer Reset!!
Buffer State:[]
epoch:1	class:3	Step:0	b:8	Loss:28.093355178833008	NLL:26.259033203125
epoch:1	class:3	Step:1	b:8	Loss:9.520584106445312	NLL:9.655662536621094
epoch:1	class:3	Step:2	b:8	Loss:1.4067847728729248	NLL:1.547838568687439
epoch:1	class:3	Step:3	b:8	Loss:-1.7463282346725464	NLL:-1.6665561199188232
epoch:1	class:3	Step:4	b:8	Loss:-2.946533441543579	NLL:-2.7988827228546143
epoch:1	class:3	Latest NLL:	-3.338064193725586
Time elapsed measured in seconds:80.37271955236793
         2          -3.3381          +1.0467
Convergence threshold:0.01
Consecutive criteria failed, Buffer Reset!!
Buffer State:[]
epoch:1	class:3	Step:0	b:8	Loss:-3.4734792709350586	NLL:-3.39727520942688
epoch:1	class:3	Step:1	b:8	Loss:-3.7777328491210938	NLL:-3.6661458015441895
epoch:1	class:3	Step:2	b:8	Loss:-3.786174774169922	NLL:-3.8189449310302734
epoch:1	class:3	Step:3	b:8	Loss:-3.8839848041534424	NLL:-3.91884183883667
epoch:1	class:3	Step:4	b:8	Loss:-3.990910768508911	NLL:-3.9920175075531006
epoch:1	class:3	Latest NLL:	-4.039318084716797
Time elapsed measured in seconds:80.45260083768517
         3          -4.0393          +0.2101
Convergence threshold:0.01
Consecutive criteria failed, Buffer Reset!!
Buffer State:[]
epoch:1	class:3	Step:0	b:8	Loss:-4.153886795043945	NLL:-4.0738701820373535
epoch:1	class:3	Step:1	b:8	Loss:-4.044564247131348	NLL:-4.14139461517334
epoch:1	class:3	Step:2	b:8	Loss:-4.140106678009033	NLL:-4.209640026092529
epoch:1	class:3	Step:3	b:8	Loss:-4.3529229164123535	NLL:-4.2772932052612305
epoch:1	class:3	Step:4	b:8	Loss:-4.373513221740723	NLL:-4.343955993652344
epoch:1	class:3	Latest NLL:	-4.3841705322265625
Time elapsed measured in seconds:81.0070837251842
         4          -4.3842          +0.0854
Convergence threshold:0.01
Consecutive criteria failed, Buffer Reset!!
Buffer State:[]
epoch:1	class:3	Step:0	b:8	Loss:-4.40584659576416	NLL:-4.410175323486328
epoch:1	class:3	Step:1	b:8	Loss:-4.426741123199463	NLL:-4.479452133178711
epoch:1	class:3	Step:2	b:8	Loss:-4.562716007232666	NLL:-4.54788875579834
epoch:1	class:3	Step:3	b:8	Loss:-4.565141677856445	NLL:-4.615753173828125
epoch:1	class:3	Step:4	b:8	Loss:-4.686749458312988	NLL:-4.686165809631348
epoch:1	class:3	Latest NLL:	-4.731594562530518
Time elapsed measured in seconds:79.53019361570477
         5          -4.7316          +0.0792
Convergence threshold:0.01
Consecutive criteria failed, Buffer Reset!!
Buffer State:[]
epoch:1	class:3	Step:0	b:8	Loss:-4.660125255584717	NLL:-4.758490562438965
epoch:1	class:3	Step:1	b:8	Loss:-4.799718856811523	NLL:-4.828506946563721
epoch:1	class:3	Step:2	b:8	Loss:-4.871149063110352	NLL:-4.899202346801758
epoch:1	class:3	Step:3	b:8	Loss:-4.887414455413818	NLL:-4.975996971130371
epoch:1	class:3	Step:4	b:8	Loss:-5.0673418045043945	NLL:-5.051548480987549
epoch:1	class:3	Latest NLL:	-5.096806526184082
Time elapsed measured in seconds:79.60129642672837
         6          -5.0968          +0.0772
Convergence threshold:0.01
Consecutive criteria failed, Buffer Reset!!
Buffer State:[]
epoch:1	class:3	Step:0	b:8	Loss:-5.080069065093994	NLL:-5.127893447875977
epoch:1	class:3	Step:1	b:8	Loss:-5.306885719299316	NLL:-5.202373027801514
epoch:1	class:3	Step:2	b:8	Loss:-5.248537540435791	NLL:-5.281334400177002
epoch:1	class:3	Step:3	b:8	Loss:-5.230729103088379	NLL:-5.358997344970703
epoch:1	class:3	Step:4	b:8	Loss:-5.480699062347412	NLL:-5.440499305725098
epoch:1	class:3	Latest NLL:	-5.487771987915039
Time elapsed measured in seconds:80.1828449293971
         7          -5.4878          +0.0767
Convergence threshold:0.01
Consecutive criteria failed, Buffer Reset!!
Buffer State:[]
epoch:1	class:3	Step:0	b:8	Loss:-5.547685623168945	NLL:-5.52097225189209
epoch:1	class:3	Step:1	b:8	Loss:-5.5900068283081055	NLL:-5.599219799041748
epoch:1	class:3	Step:2	b:8	Loss:-5.681528568267822	NLL:-5.680993556976318
epoch:1	class:3	Step:3	b:8	Loss:-5.841937065124512	NLL:-5.764806270599365
epoch:1	class:3	Step:4	b:8	Loss:-5.804691791534424	NLL:-5.845691204071045
epoch:1	class:3	Latest NLL:	-5.89510440826416
Time elapsed measured in seconds:80.54892862029374
         8          -5.8951          +0.0742
Convergence threshold:0.01
Consecutive criteria failed, Buffer Reset!!
Buffer State:[]
epoch:1	class:3	Step:0	b:8	Loss:-6.021594524383545	NLL:-5.930208683013916
epoch:1	class:3	Step:1	b:8	Loss:-6.125552654266357	NLL:-6.013303279876709
epoch:1	class:3	Step:2	b:8	Loss:-6.01801061630249	NLL:-6.097242832183838
epoch:1	class:3	Step:3	b:8	Loss:-6.31455135345459	NLL:-6.178898811340332
epoch:1	class:3	Step:4	b:8	Loss:-6.291460990905762	NLL:-6.263291358947754
epoch:1	class:3	Latest NLL:	-6.307096481323242
Time elapsed measured in seconds:80.83248909562826
         9          -6.3071          +0.0699
Convergence threshold:0.01
Consecutive criteria failed, Buffer Reset!!
Buffer State:[]
epoch:1	class:3	Step:0	b:8	Loss:-6.254255771636963	NLL:-6.341074466705322
epoch:1	class:3	Step:1	b:8	Loss:-6.313597202301025	NLL:-6.421145915985107
epoch:1	class:3	Step:2	b:8	Loss:-6.511651992797852	NLL:-6.50123405456543
epoch:1	class:3	Step:3	b:8	Loss:-6.601318359375	NLL:-6.578596115112305
epoch:1	class:3	Step:4	b:8	Loss:-6.579859256744385	NLL:-6.654253005981445
epoch:1	class:3	Latest NLL:	-6.701363563537598
Time elapsed measured in seconds:80.56959219835699
        10          -6.7014          +0.0625
Convergence threshold:0.01
Consecutive criteria failed, Buffer Reset!!
Buffer State:[]
epoch:1	class:3	Step:0	b:8	Loss:-6.757917404174805	NLL:-6.730383396148682
epoch:1	class:3	Step:1	b:8	Loss:-6.775923252105713	NLL:-6.80557107925415
epoch:1	class:3	Step:2	b:8	Loss:-6.89072847366333	NLL:-6.880361557006836
epoch:1	class:3	Step:3	b:8	Loss:-6.89962911605835	NLL:-6.954405784606934
epoch:1	class:3	Step:4	b:8	Loss:-6.988295078277588	NLL:-7.024730682373047
epoch:1	class:3	Latest NLL:	-7.070918083190918
Time elapsed measured in seconds:78.92336994037032
        11          -7.0709          +0.0551
Convergence threshold:0.01
Consecutive criteria failed, Buffer Reset!!
Buffer State:[]
epoch:1	class:3	Step:0	b:8	Loss:-7.029923915863037	NLL:-7.098199367523193
epoch:1	class:3	Step:1	b:8	Loss:-7.180361270904541	NLL:-7.173816680908203
epoch:1	class:3	Step:2	b:8	Loss:-7.236728191375732	NLL:-7.24363374710083
epoch:1	class:3	Step:3	b:8	Loss:-7.242061138153076	NLL:-7.312305450439453
epoch:1	class:3	Step:4	b:8	Loss:-7.35305643081665	NLL:-7.383029937744141
epoch:1	class:3	Latest NLL:	-7.427276611328125
Time elapsed measured in seconds:81.005964320153
        12          -7.4273          +0.0504
Convergence threshold:0.01
Consecutive criteria failed, Buffer Reset!!
Buffer State:[]
epoch:1	class:3	Step:0	b:8	Loss:-7.484058856964111	NLL:-7.453022003173828
epoch:1	class:3	Step:1	b:8	Loss:-7.416353225708008	NLL:-7.523073196411133
epoch:1	class:3	Step:2	b:8	Loss:-7.761221408843994	NLL:-7.588749885559082
epoch:1	class:3	Step:3	b:8	Loss:-7.62327766418457	NLL:-7.654655933380127
epoch:1	class:3	Step:4	b:8	Loss:-7.7490973472595215	NLL:-7.716136455535889
epoch:1	class:3	Latest NLL:	-7.754092693328857
Time elapsed measured in seconds:80.58198185171932
        13          -7.7541          +0.0440
Convergence threshold:0.01
Consecutive criteria failed, Buffer Reset!!
Buffer State:[]
epoch:1	class:3	Step:0	b:8	Loss:-7.714331150054932	NLL:-7.777512073516846
epoch:1	class:3	Step:1	b:8	Loss:-7.740724563598633	NLL:-7.835686683654785
epoch:1	class:3	Step:2	b:8	Loss:-7.82425594329834	NLL:-7.893303871154785
epoch:1	class:3	Step:3	b:8	Loss:-7.995033264160156	NLL:-7.946950912475586
epoch:1	class:3	Step:4	b:8	Loss:-8.006966590881348	NLL:-8.004651069641113
epoch:1	class:3	Latest NLL:	-8.037392616271973
Time elapsed measured in seconds:80.69224507082254
        14          -8.0374          +0.0365
Convergence threshold:0.01
Consecutive criteria failed, Buffer Reset!!
Buffer State:[]
epoch:1	class:3	Step:0	b:8	Loss:-7.979689121246338	NLL:-8.058197021484375
epoch:1	class:3	Step:1	b:8	Loss:-8.040139198303223	NLL:-8.109160423278809
epoch:1	class:3	Step:2	b:8	Loss:-8.058485984802246	NLL:-8.159494400024414
epoch:1	class:3	Step:3	b:8	Loss:-8.230238914489746	NLL:-8.211944580078125
epoch:1	class:3	Step:4	b:8	Loss:-8.25430679321289	NLL:-8.259259223937988
epoch:1	class:3	Latest NLL:	-8.287520408630371
Time elapsed measured in seconds:80.03531923890114
        15          -8.2875          +0.0311
Convergence threshold:0.01
Consecutive criteria failed, Buffer Reset!!
Buffer State:[]
epoch:1	class:3	Step:0	b:8	Loss:-8.35852336883545	NLL:-8.304241180419922
epoch:1	class:3	Step:1	b:8	Loss:-8.241820335388184	NLL:-8.353001594543457
epoch:1	class:3	Step:2	b:8	Loss:-8.352270126342773	NLL:-8.39616584777832
epoch:1	class:3	Step:3	b:8	Loss:-8.336657524108887	NLL:-8.437811851501465
epoch:1	class:3	Step:4	b:8	Loss:-8.527247428894043	NLL:-8.485651016235352
epoch:1	class:3	Latest NLL:	-8.514517784118652
Time elapsed measured in seconds:80.61289320327342
        16          -8.5145          +0.0274
Convergence threshold:0.01
Consecutive criteria failed, Buffer Reset!!
Buffer State:[]
epoch:1	class:3	Step:0	b:8	Loss:-8.504552841186523	NLL:-8.527849197387695
epoch:1	class:3	Step:1	b:8	Loss:-8.547264099121094	NLL:-8.571741104125977
epoch:1	class:3	Step:2	b:8	Loss:-8.688270568847656	NLL:-8.613697052001953
epoch:1	class:3	Step:3	b:8	Loss:-8.682101249694824	NLL:-8.652634620666504
epoch:1	class:3	Step:4	b:8	Loss:-8.6486177444458	NLL:-8.694360733032227
epoch:1	class:3	Latest NLL:	-8.721665382385254
Time elapsed measured in seconds:79.12707868032157
        17          -8.7217          +0.0243
Convergence threshold:0.01
Consecutive criteria failed, Buffer Reset!!
Buffer State:[]
epoch:1	class:3	Step:0	b:8	Loss:-8.687667846679688	NLL:-8.735125541687012
epoch:1	class:3	Step:1	b:8	Loss:-8.748046875	NLL:-8.771247863769531
epoch:1	class:3	Step:2	b:8	Loss:-8.988213539123535	NLL:-8.80445384979248
epoch:1	class:3	Step:3	b:8	Loss:-8.817374229431152	NLL:-8.84762954711914
epoch:1	class:3	Step:4	b:8	Loss:-8.934053421020508	NLL:-8.879777908325195
epoch:1	class:3	Latest NLL:	-8.911066055297852
Time elapsed measured in seconds:80.8419376751408
        18          -8.9111          +0.0217
Convergence threshold:0.01
Consecutive criteria failed, Buffer Reset!!
Buffer State:[]
epoch:1	class:3	Step:0	b:8	Loss:-8.851933479309082	NLL:-8.921573638916016
epoch:1	class:3	Step:1	b:8	Loss:-8.868420600891113	NLL:-8.958446502685547
epoch:1	class:3	Step:2	b:8	Loss:-8.929242134094238	NLL:-8.993058204650879
epoch:1	class:3	Step:3	b:8	Loss:-9.036188125610352	NLL:-9.029463768005371
epoch:1	class:3	Step:4	b:8	Loss:-9.15374755859375	NLL:-9.063699722290039
epoch:1	class:3	Latest NLL:	-9.086322784423828
Time elapsed measured in seconds:80.47009242139757
        19          -9.0863          +0.0197
Convergence threshold:0.01
Consecutive criteria failed, Buffer Reset!!
Buffer State:[]
epoch:1	class:3	Step:0	b:8	Loss:-9.109600067138672	NLL:-9.09631633758545
epoch:1	class:3	Step:1	b:8	Loss:-9.057244300842285	NLL:-9.131377220153809
epoch:1	class:3	Step:2	b:8	Loss:-9.194625854492188	NLL:-9.161602973937988
epoch:1	class:3	Step:3	b:8	Loss:-9.134814262390137	NLL:-9.1978120803833
epoch:1	class:3	Step:4	b:8	Loss:-9.167187690734863	NLL:-9.228070259094238
epoch:1	class:3	Latest NLL:	-9.253073692321777
Time elapsed measured in seconds:80.35877312347293
        20          -9.2531          +0.0184
Convergence threshold:0.01
Consecutive criteria failed, Buffer Reset!!
Buffer State:[]
epoch:1	class:3	Step:0	b:8	Loss:-9.21324634552002	NLL:-9.261467933654785
epoch:1	class:3	Step:1	b:8	Loss:-9.426383972167969	NLL:-9.290868759155273
epoch:1	class:3	Step:2	b:8	Loss:-9.341833114624023	NLL:-9.323397636413574
epoch:1	class:3	Step:3	b:8	Loss:-9.302746772766113	NLL:-9.351594924926758
epoch:1	class:3	Step:4	b:8	Loss:-9.452275276184082	NLL:-9.385098457336426
epoch:1	class:3	Latest NLL:	-9.408024787902832
Time elapsed measured in seconds:80.5669368552044
        21          -9.4080          +0.0167
Convergence threshold:0.01
Consecutive criteria failed, Buffer Reset!!
Buffer State:[]
epoch:1	class:3	Step:0	b:8	Loss:-9.320569038391113	NLL:-9.415793418884277
epoch:1	class:3	Step:1	b:8	Loss:-9.509401321411133	NLL:-9.442867279052734
epoch:1	class:3	Step:2	b:8	Loss:-9.492024421691895	NLL:-9.47083568572998
epoch:1	class:3	Step:3	b:8	Loss:-9.472743034362793	NLL:-9.498845100402832
epoch:1	class:3	Step:4	b:8	Loss:-9.55341625213623	NLL:-9.537028312683105
epoch:1	class:3	Latest NLL:	-9.55728530883789
Time elapsed measured in seconds:79.9252867847681
        22          -9.5573          +0.0159
Convergence threshold:0.01
Consecutive criteria failed, Buffer Reset!!
Buffer State:[]
epoch:1	class:3	Step:0	b:8	Loss:-9.543251991271973	NLL:-9.567939758300781
epoch:1	class:3	Step:1	b:8	Loss:-9.595245361328125	NLL:-9.597925186157227
epoch:1	class:3	Step:2	b:8	Loss:-9.594918251037598	NLL:-9.62720775604248
epoch:1	class:3	Step:3	b:8	Loss:-9.649194717407227	NLL:-9.655901908874512
epoch:1	class:3	Step:4	b:8	Loss:-9.706888198852539	NLL:-9.67892837524414
epoch:1	class:3	Latest NLL:	-9.686543464660645
Time elapsed measured in seconds:79.16449817828834
        23          -9.6865          +0.0135
Convergence threshold:0.01
Consecutive criteria failed, Buffer Reset!!
Buffer State:[]
epoch:1	class:3	Step:0	b:8	Loss:-9.710774421691895	NLL:-9.70132827758789
epoch:1	class:3	Step:1	b:8	Loss:-9.822345733642578	NLL:-9.73453426361084
epoch:1	class:3	Step:2	b:8	Loss:-9.687746047973633	NLL:-9.763870239257812
epoch:1	class:3	Step:3	b:8	Loss:-9.832109451293945	NLL:-9.789429664611816
epoch:1	class:3	Step:4	b:8	Loss:-9.767202377319336	NLL:-9.813943862915039
epoch:1	class:3	Latest NLL:	-9.84040641784668
Time elapsed measured in seconds:87.90666132513434
        24          -9.8404          +0.0159
Convergence threshold:0.01
Consecutive criteria failed, Buffer Reset!!
Buffer State:[]
epoch:1	class:3	Step:0	b:8	Loss:-9.891660690307617	NLL:-9.846009254455566
epoch:1	class:3	Step:1	b:8	Loss:-9.85374927520752	NLL:-9.871818542480469
epoch:1	class:3	Step:2	b:8	Loss:-9.932604789733887	NLL:-9.890365600585938
epoch:1	class:3	Step:3	b:8	Loss:-9.903843879699707	NLL:-9.91407299041748
epoch:1	class:3	Step:4	b:8	Loss:-10.018387794494629	NLL:-9.94465446472168
epoch:1	class:3	Latest NLL:	-9.970126152038574
Time elapsed measured in seconds:87.95918448641896
        25          -9.9701          +0.0132
Convergence threshold:0.01
Consecutive criteria failed, Buffer Reset!!
Buffer State:[]
epoch:1	class:3	Step:0	b:8	Loss:-10.008332252502441	NLL:-9.974048614501953
epoch:1	class:3	Step:1	b:8	Loss:-9.977188110351562	NLL:-10.01057243347168
epoch:1	class:3	Step:2	b:8	Loss:-10.130964279174805	NLL:-10.03443717956543
epoch:1	class:3	Step:3	b:8	Loss:-10.102099418640137	NLL:-10.058406829833984
epoch:1	class:3	Step:4	b:8	Loss:-10.147798538208008	NLL:-10.083694458007812
epoch:1	class:3	Latest NLL:	-10.105371475219727
Time elapsed measured in seconds:86.8028782773763
        26         -10.1054          +0.0136
Convergence threshold:0.01
Consecutive criteria failed, Buffer Reset!!
Buffer State:[]
epoch:1	class:3	Step:0	b:8	Loss:-10.1273832321167	NLL:-10.11294937133789
epoch:1	class:3	Step:1	b:8	Loss:-10.069140434265137	NLL:-10.133225440979004
epoch:1	class:3	Step:2	b:8	Loss:-10.2391939163208	NLL:-10.158798217773438
epoch:1	class:3	Step:3	b:8	Loss:-10.199816703796387	NLL:-10.17827320098877
epoch:1	class:3	Step:4	b:8	Loss:-10.186297416687012	NLL:-10.20303726196289
epoch:1	class:3	Latest NLL:	-10.225885391235352
Time elapsed measured in seconds:84.88033799547702
        27         -10.2259          +0.0119
Convergence threshold:0.01
Consecutive criteria failed, Buffer Reset!!
Buffer State:[]
epoch:1	class:3	Step:0	b:8	Loss:-10.188952445983887	NLL:-10.229728698730469
epoch:1	class:3	Step:1	b:8	Loss:-10.290722846984863	NLL:-10.260189056396484
epoch:1	class:3	Step:2	b:8	Loss:-10.207267761230469	NLL:-10.281637191772461
epoch:1	class:3	Step:3	b:8	Loss:-10.257261276245117	NLL:-10.305940628051758
epoch:1	class:3	Step:4	b:8	Loss:-10.19737434387207	NLL:-10.33374309539795
epoch:1	class:3	Latest NLL:	-10.339397430419922
Time elapsed measured in seconds:87.33124182373285
        28         -10.3394          +0.0111
Convergence threshold:0.01
Consecutive criteria failed, Buffer Reset!!
Buffer State:[]
epoch:1	class:3	Step:0	b:8	Loss:-10.409284591674805	NLL:-10.353139877319336
epoch:1	class:3	Step:1	b:8	Loss:-10.440567970275879	NLL:-10.374832153320312
epoch:1	class:3	Step:2	b:8	Loss:-10.372069358825684	NLL:-10.399596214294434
epoch:1	class:3	Step:3	b:8	Loss:-10.465520858764648	NLL:-10.409506797790527
epoch:1	class:3	Step:4	b:8	Loss:-10.462611198425293	NLL:-10.447517395019531
epoch:1	class:3	Latest NLL:	-10.474209785461426
Time elapsed measured in seconds:87.98373293783516
        29         -10.4742          +0.0130
Convergence threshold:0.01
Consecutive criteria failed, Buffer Reset!!
Buffer State:[]
epoch:1	class:3	Step:0	b:8	Loss:-10.501443862915039	NLL:-10.473074913024902
epoch:1	class:3	Step:1	b:8	Loss:-10.451973915100098	NLL:-10.503379821777344
epoch:1	class:3	Step:2	b:8	Loss:-10.562531471252441	NLL:-10.524370193481445
epoch:1	class:3	Step:3	b:8	Loss:-10.440159797668457	NLL:-10.533882141113281
epoch:1	class:3	Step:4	b:8	Loss:-10.538886070251465	NLL:-10.57239818572998
epoch:1	class:3	Latest NLL:	-10.56983757019043
Time elapsed measured in seconds:87.29598562512547
        30         -10.5698          +0.0091
Convergence threshold:0.01
Convergence attained!!
Iteration:29
epoch:1	class:3	Step:0	b:8	Loss:-10.635740280151367	NLL:-10.585851669311523
epoch:1	class:3	Step:1	b:8	Loss:-10.564210891723633	NLL:-10.606093406677246
epoch:1	class:3	Step:2	b:8	Loss:-10.571341514587402	NLL:-10.628853797912598
epoch:1	class:3	Step:3	b:8	Loss:-10.581954956054688	NLL:-10.65888500213623
epoch:1	class:3	Step:4	b:8	Loss:-10.543567657470703	NLL:-10.688990592956543
epoch:1	class:3	Latest NLL:	-10.707000732421875
Time elapsed measured in seconds:85.00616334285587
        31         -10.7070          +0.0130
Convergence threshold:0.01
Consecutive criteria failed, Buffer Reset!!
Buffer State:[29]
epoch:1	class:3	Step:0	b:8	Loss:-10.614398956298828	NLL:-10.711275100708008
epoch:1	class:3	Step:1	b:8	Loss:-10.83548641204834	NLL:-10.73437213897705
epoch:1	class:3	Step:2	b:8	Loss:-10.682271003723145	NLL:-10.74858570098877
epoch:1	class:3	Step:3	b:8	Loss:-10.898751258850098	NLL:-10.763744354248047
epoch:1	class:3	Step:4	b:8	Loss:-10.715576171875	NLL:-10.792013168334961
epoch:1	class:3	Latest NLL:	-10.816730499267578
Time elapsed measured in seconds:87.24184961337596
        32         -10.8167          +0.0102
Convergence threshold:0.01
Consecutive criteria failed, Buffer Reset!!
Buffer State:[]
epoch:1	class:3	Step:0	b:8	Loss:-10.825528144836426	NLL:-10.819117546081543
epoch:1	class:3	Step:1	b:8	Loss:-10.71500015258789	NLL:-10.821206092834473
epoch:1	class:3	Step:2	b:8	Loss:-10.89901351928711	NLL:-10.851702690124512
epoch:1	class:3	Step:3	b:8	Loss:-10.89147663116455	NLL:-10.85940170288086
epoch:1	class:3	Step:4	b:8	Loss:-11.005375862121582	NLL:-10.869294166564941
epoch:1	class:3	Latest NLL:	-10.905021667480469
Time elapsed measured in seconds:87.07419666089118
        33         -10.9050          +0.0082
Convergence threshold:0.01
Convergence attained!!
Iteration:32
epoch:1	class:3	Step:0	b:8	Loss:-10.991595268249512	NLL:-10.91834831237793
epoch:1	class:3	Step:1	b:8	Loss:-11.076363563537598	NLL:-10.89190673828125
epoch:1	class:3	Step:2	b:8	Loss:-11.00537109375	NLL:-10.937785148620605
epoch:1	class:3	Step:3	b:8	Loss:-11.03668212890625	NLL:-10.95661735534668
epoch:1	class:3	Step:4	b:8	Loss:-10.984127044677734	NLL:-11.006889343261719
epoch:1	class:3	Latest NLL:	-11.037879943847656
Time elapsed measured in seconds:87.03217391017824
        34         -11.0379          +0.0122
Convergence threshold:0.01
Consecutive criteria failed, Buffer Reset!!
Buffer State:[32]
epoch:1	class:3	Step:0	b:8	Loss:-10.919563293457031	NLL:-11.022501945495605
epoch:1	class:3	Step:1	b:8	Loss:-10.977791786193848	NLL:-11.0399169921875
epoch:1	class:3	Step:2	b:8	Loss:-11.069462776184082	NLL:-11.035401344299316
epoch:1	class:3	Step:3	b:8	Loss:-11.009808540344238	NLL:-11.04659366607666
epoch:1	class:3	Step:4	b:8	Loss:-11.12150764465332	NLL:-11.05129337310791
epoch:1	class:3	Latest NLL:	-10.979875564575195
Time elapsed measured in seconds:85.40206639189273
        35         -10.9799          +0.0053
Convergence threshold:0.01
Convergence attained!!
Iteration:34
epoch:1	class:3	Step:0	b:8	Loss:-11.014528274536133	NLL:-11.076098442077637
epoch:1	class:3	Step:1	b:8	Loss:-11.058137893676758	NLL:-11.089917182922363
epoch:1	class:3	Step:2	b:8	Loss:-11.210803985595703	NLL:-11.153335571289062
epoch:1	class:3	Step:3	b:8	Loss:-11.204269409179688	NLL:-11.1845121383667
epoch:1	class:3	Step:4	b:8	Loss:-11.080632209777832	NLL:-11.170792579650879
epoch:1	class:3	Latest NLL:	-11.200701713562012
Time elapsed measured in seconds:87.21981531009078
        36         -11.2007          +0.0201
Convergence threshold:0.01
Consecutive criteria failed, Buffer Reset!!
Buffer State:[34]
epoch:1	class:3	Step:0	b:8	Loss:-11.169965744018555	NLL:-11.208946228027344
epoch:1	class:3	Step:1	b:8	Loss:-11.237384796142578	NLL:-11.197632789611816
epoch:1	class:3	Step:2	b:8	Loss:-11.116903305053711	NLL:-11.174593925476074
epoch:1	class:3	Step:3	b:8	Loss:-11.258951187133789	NLL:-11.217406272888184
epoch:1	class:3	Step:4	b:8	Loss:-10.994596481323242	NLL:-11.072941780090332
epoch:1	class:3	Latest NLL:	-11.30909252166748
Time elapsed measured in seconds:87.36811763513833
        37         -11.3091          +0.0097
Convergence threshold:0.01
Convergence attained!!
Iteration:36
epoch:1	class:3	Step:0	b:8	Loss:-11.03966236114502	NLL:-11.13937759399414
epoch:1	class:3	Step:1	b:8	Loss:-11.123620986938477	NLL:-11.204554557800293
epoch:1	class:3	Step:2	b:8	Loss:-11.261445999145508	NLL:-11.289424896240234
epoch:1	class:3	Step:3	b:8	Loss:-11.237621307373047	NLL:-11.310141563415527
epoch:1	class:3	Step:4	b:8	Loss:-11.383235931396484	NLL:-11.323805809020996
epoch:1	class:3	Latest NLL:	-11.366044998168945
Time elapsed measured in seconds:85.20677811466157
        38         -11.3660          +0.0050
Convergence threshold:0.01
Convergence attained!!
Iteration:37
epoch:1	class:3	Step:0	b:8	Loss:-11.357192039489746	NLL:-11.327351570129395
epoch:1	class:3	Step:1	b:8	Loss:-11.422301292419434	NLL:-11.301373481750488
epoch:1	class:3	Step:2	b:8	Loss:-10.99902057647705	NLL:-11.142444610595703
epoch:1	class:3	Step:3	b:8	Loss:-11.250102043151855	NLL:-11.229839324951172
epoch:1	class:3	Step:4	b:8	Loss:-11.392038345336914	NLL:-11.350031852722168
epoch:1	class:3	Latest NLL:	-11.41443920135498
Time elapsed measured in seconds:86.59504685737193
        39         -11.4144          +0.0043
Convergence threshold:0.01
Convergence attained!!
Iteration:38
epoch:1	class:3	Step:0	b:8	Loss:-11.581110000610352	NLL:-11.424816131591797
epoch:1	class:3	Step:1	b:8	Loss:-11.439407348632812	NLL:-11.443073272705078
epoch:1	class:3	Step:2	b:8	Loss:-11.522290229797363	NLL:-11.480122566223145
epoch:1	class:3	Step:3	b:8	Loss:-11.46960735321045	NLL:-11.486308097839355
epoch:1	class:3	Step:4	b:8	Loss:-11.560663223266602	NLL:-11.501371383666992
epoch:1	class:3	Latest NLL:	-11.425411224365234
Time elapsed measured in seconds:87.95474541466683
        40         -11.4254          +0.0010
Convergence threshold:0.01
Convergence attained!!
Iteration:39
Consecutive iterations are:[36, 37, 38, 39]
Exit and Convergence reached after 4 iterations for relative change in NLL below :0.01
Sun May 24 02:51:12 UTC 2020 : python bin/train_class_glow.py data/train.39.pkl models/epoch1_class3.mdlc
No. of samples considered:535, batch_size:64, num_training iterations (max):70, lr:5e-05
The total number of params: 71040 and the number of trainable params:71040
No. of Flowsteps:12, No.of Multiscale layers:1
Try to push to device: cuda:0
epoch:1	class:3	Push model to cuda:0. Done.
epoch:1	class:3	Step:0	b:8	Loss:12847.8173828125	NLL:10300.6650390625
epoch:1	class:3	Step:1	b:8	Loss:3328.437744140625	NLL:2421.604248046875
epoch:1	class:3	Step:2	b:8	Loss:740.3037109375	NLL:277.0699157714844
epoch:1	class:3	Step:3	b:8	Loss:351.3921813964844	NLL:79.90872955322266
epoch:1	class:3	Step:4	b:8	Loss:156.75306701660156	NLL:55.52091598510742
epoch:1	class:3	Latest NLL:	27.53062629699707
Time elapsed measured in seconds:233.77664669975638
         1          27.5306             +nan
Convergence threshold:0.01
Consecutive criteria failed, Buffer Reset!!
Buffer State:[]
epoch:1	class:3	Step:0	b:8	Loss:162.00210571289062	NLL:23.2688045501709
epoch:1	class:3	Step:1	b:8	Loss:101.853515625	NLL:15.185879707336426
epoch:1	class:3	Step:2	b:8	Loss:32.419189453125	NLL:12.408413887023926
epoch:1	class:3	Step:3	b:8	Loss:13.793210983276367	NLL:8.208282470703125
epoch:1	class:3	Step:4	b:8	Loss:7.25745153427124	NLL:4.936532497406006
epoch:1	class:3	Latest NLL:	-2.1526618003845215
Time elapsed measured in seconds:230.79485277086496
         2          -2.1527          +1.0782
Convergence threshold:0.01
Consecutive criteria failed, Buffer Reset!!
Buffer State:[]
epoch:1	class:3	Step:0	b:8	Loss:2.1740574836730957	NLL:-2.8353493213653564
epoch:1	class:3	Step:1	b:8	Loss:1.0073542594909668	NLL:-3.962341785430908
epoch:1	class:3	Step:2	b:8	Loss:0.7024521827697754	NLL:-4.330887317657471
epoch:1	class:3	Step:3	b:8	Loss:0.40906593203544617	NLL:-4.606457233428955
epoch:1	class:3	Step:4	b:8	Loss:0.22357268631458282	NLL:-4.8185625076293945
epoch:1	class:3	Latest NLL:	-4.892913341522217
Time elapsed measured in seconds:232.411342269741
         3          -4.8929          +1.2730
Convergence threshold:0.01
Consecutive criteria failed, Buffer Reset!!
Buffer State:[]
epoch:1	class:3	Step:0	b:8	Loss:0.07323230803012848	NLL:-4.964387893676758
epoch:1	class:3	Step:1	b:8	Loss:-0.1548452526330948	NLL:-5.130528450012207
epoch:1	class:3	Step:2	b:8	Loss:-0.2513771653175354	NLL:-5.287820339202881
epoch:1	class:3	Step:3	b:8	Loss:-0.4687733054161072	NLL:-5.437058925628662
epoch:1	class:3	Step:4	b:8	Loss:-0.6190693974494934	NLL:-5.583116054534912
epoch:1	class:3	Latest NLL:	-5.683185577392578
Time elapsed measured in seconds:230.64018362667412
         4          -5.6832          +0.1615
Convergence threshold:0.01
Consecutive criteria failed, Buffer Reset!!
Buffer State:[]
epoch:1	class:3	Step:0	b:8	Loss:-0.5167983174324036	NLL:-5.742911338806152
epoch:1	class:3	Step:1	b:8	Loss:-0.6892758011817932	NLL:-5.873455047607422
epoch:1	class:3	Step:2	b:8	Loss:-0.8379453420639038	NLL:-6.016658306121826
epoch:1	class:3	Step:3	b:8	Loss:-0.9641594290733337	NLL:-6.156217098236084
epoch:1	class:3	Step:4	b:8	Loss:-1.1062968969345093	NLL:-6.281332492828369
epoch:1	class:3	Latest NLL:	-6.38115930557251
Time elapsed measured in seconds:233.016598678194
         5          -6.3812          +0.1228
Convergence threshold:0.01
Consecutive criteria failed, Buffer Reset!!
Buffer State:[]
epoch:1	class:3	Step:0	b:8	Loss:-1.061763048171997	NLL:-6.433350086212158
epoch:1	class:3	Step:1	b:8	Loss:-1.1528702974319458	NLL:-6.5609307289123535
epoch:1	class:3	Step:2	b:8	Loss:-1.2394341230392456	NLL:-6.650091648101807
epoch:1	class:3	Step:3	b:8	Loss:-1.4004124402999878	NLL:-6.792989730834961
epoch:1	class:3	Step:4	b:8	Loss:-1.5150043964385986	NLL:-6.905792713165283
epoch:1	class:3	Latest NLL:	-6.963413715362549
Time elapsed measured in seconds:179.77776560839266
         6          -6.9634          +0.0912
Convergence threshold:0.01
Consecutive criteria failed, Buffer Reset!!
Buffer State:[]
epoch:1	class:3	Step:0	b:8	Loss:-1.4694039821624756	NLL:-7.009863376617432
epoch:1	class:3	Step:1	b:8	Loss:-1.6266995668411255	NLL:-7.1567277908325195
epoch:1	class:3	Step:2	b:8	Loss:-1.792376160621643	NLL:-7.278445720672607
epoch:1	class:3	Step:3	b:8	Loss:-1.8095616102218628	NLL:-7.377503871917725
epoch:1	class:3	Step:4	b:8	Loss:-1.905694603919983	NLL:-7.474210262298584
epoch:1	class:3	Latest NLL:	-7.551679611206055
Time elapsed measured in seconds:168.16760933957994
         7          -7.5517          +0.0845
Convergence threshold:0.01
Consecutive criteria failed, Buffer Reset!!
Buffer State:[]
epoch:1	class:3	Step:0	b:8	Loss:-1.9291661977767944	NLL:-7.5910844802856445
epoch:1	class:3	Step:1	b:8	Loss:-2.0099408626556396	NLL:-7.68471097946167
epoch:1	class:3	Step:2	b:8	Loss:-2.0369369983673096	NLL:-7.708653450012207
epoch:1	class:3	Step:3	b:8	Loss:-2.127805471420288	NLL:-7.763311386108398
epoch:1	class:3	Step:4	b:8	Loss:-2.00793194770813	NLL:-7.752016544342041
epoch:1	class:3	Latest NLL:	-8.01272201538086
Time elapsed measured in seconds:172.1302116503939
         8          -8.0127          +0.0611
Convergence threshold:0.01
Consecutive criteria failed, Buffer Reset!!
Buffer State:[]
epoch:1	class:3	Step:0	b:8	Loss:-1.9486100673675537	NLL:-7.844688415527344
epoch:1	class:3	Step:1	b:8	Loss:-2.119680881500244	NLL:-7.966634750366211
epoch:1	class:3	Step:2	b:8	Loss:-2.3378584384918213	NLL:-8.148186683654785
epoch:1	class:3	Step:3	b:8	Loss:-2.4335741996765137	NLL:-8.246861457824707
epoch:1	class:3	Step:4	b:8	Loss:-2.610391616821289	NLL:-8.337067604064941
epoch:1	class:3	Latest NLL:	-8.404284477233887
Time elapsed measured in seconds:234.1910697352141
         9          -8.4043          +0.0489
Convergence threshold:0.01
Consecutive criteria failed, Buffer Reset!!
Buffer State:[]
epoch:1	class:3	Step:0	b:8	Loss:-2.564176321029663	NLL:-8.432594299316406
epoch:1	class:3	Step:1	b:8	Loss:-2.672124147415161	NLL:-8.507224082946777
epoch:1	class:3	Step:2	b:8	Loss:-2.7353007793426514	NLL:-8.571494102478027
epoch:1	class:3	Step:3	b:8	Loss:-2.778113603591919	NLL:-8.640913009643555
epoch:1	class:3	Step:4	b:8	Loss:-2.8660781383514404	NLL:-8.709959030151367
epoch:1	class:3	Latest NLL:	-8.770423889160156
Time elapsed measured in seconds:231.26183018647134
        10          -8.7704          +0.0436
Convergence threshold:0.01
Consecutive criteria failed, Buffer Reset!!
Buffer State:[]
epoch:1	class:3	Step:0	b:8	Loss:-2.8943467140197754	NLL:-8.785317420959473
epoch:1	class:3	Step:1	b:8	Loss:-2.8631162643432617	NLL:-8.810604095458984
epoch:1	class:3	Step:2	b:8	Loss:-2.9969117641448975	NLL:-8.915757179260254
epoch:1	class:3	Step:3	b:8	Loss:-2.9842312335968018	NLL:-8.941261291503906
epoch:1	class:3	Step:4	b:8	Loss:-3.0997629165649414	NLL:-9.010539054870605
epoch:1	class:3	Latest NLL:	-9.062779426574707
Time elapsed measured in seconds:199.33824662677944
        11          -9.0628          +0.0333
Convergence threshold:0.01
Consecutive criteria failed, Buffer Reset!!
Buffer State:[]
epoch:1	class:3	Step:0	b:8	Loss:-3.081692934036255	NLL:-9.09188175201416
epoch:1	class:3	Step:1	b:8	Loss:-3.08703351020813	NLL:-9.112998962402344
epoch:1	class:3	Step:2	b:8	Loss:-3.158785343170166	NLL:-9.116850852966309
epoch:1	class:3	Step:3	b:8	Loss:-3.183598041534424	NLL:-9.160063743591309
epoch:1	class:3	Step:4	b:8	Loss:-3.3108160495758057	NLL:-9.323383331298828
epoch:1	class:3	Latest NLL:	-9.374242782592773
Time elapsed measured in seconds:178.52037806995213
        12          -9.3742          +0.0344
Convergence threshold:0.01
Consecutive criteria failed, Buffer Reset!!
Buffer State:[]
epoch:1	class:3	Step:0	b:8	Loss:-3.308906078338623	NLL:-9.385469436645508
epoch:1	class:3	Step:1	b:8	Loss:-3.380018949508667	NLL:-9.439900398254395
epoch:1	class:3	Step:2	b:8	Loss:-3.446312665939331	NLL:-9.520598411560059
epoch:1	class:3	Step:3	b:8	Loss:-3.5011677742004395	NLL:-9.578008651733398
epoch:1	class:3	Step:4	b:8	Loss:-3.548240900039673	NLL:-9.580554008483887
epoch:1	class:3	Latest NLL:	-9.640521049499512
Time elapsed measured in seconds:178.2883877782151
        13          -9.6405          +0.0284
Convergence threshold:0.01
Consecutive criteria failed, Buffer Reset!!
Buffer State:[]
epoch:1	class:3	Step:0	b:8	Loss:-3.085298776626587	NLL:-9.2891206741333
epoch:1	class:3	Step:1	b:8	Loss:-3.2952778339385986	NLL:-9.404994010925293
epoch:1	class:3	Step:2	b:8	Loss:-3.490229606628418	NLL:-9.603635787963867
epoch:1	class:3	Step:3	b:8	Loss:-3.5894899368286133	NLL:-9.669057846069336
epoch:1	class:3	Step:4	b:8	Loss:-3.7184393405914307	NLL:-9.824307441711426
epoch:1	class:3	Latest NLL:	-9.902791023254395
Time elapsed measured in seconds:181.17334702145308
        14          -9.9028          +0.0272
Convergence threshold:0.01
Consecutive criteria failed, Buffer Reset!!
Buffer State:[]
epoch:1	class:3	Step:0	b:8	Loss:-3.722564220428467	NLL:-9.876797676086426
epoch:1	class:3	Step:1	b:8	Loss:-3.7948172092437744	NLL:-9.917281150817871
epoch:1	class:3	Step:2	b:8	Loss:-3.8549559116363525	NLL:-9.973346710205078
epoch:1	class:3	Step:3	b:8	Loss:-3.9336578845977783	NLL:-10.057522773742676
epoch:1	class:3	Step:4	b:8	Loss:-3.993065357208252	NLL:-10.122514724731445
epoch:1	class:3	Latest NLL:	-10.161639213562012
Time elapsed measured in seconds:176.5943856742233
        15         -10.1616          +0.0261
Convergence threshold:0.01
Consecutive criteria failed, Buffer Reset!!
Buffer State:[]
epoch:1	class:3	Step:0	b:8	Loss:-4.00038480758667	NLL:-10.177580833435059
epoch:1	class:3	Step:1	b:8	Loss:-4.074246406555176	NLL:-10.227807998657227
epoch:1	class:3	Step:2	b:8	Loss:-4.141517639160156	NLL:-10.268741607666016
epoch:1	class:3	Step:3	b:8	Loss:-4.111893653869629	NLL:-10.281554222106934
epoch:1	class:3	Step:4	b:8	Loss:-3.7859432697296143	NLL:-9.936264038085938
epoch:1	class:3	Latest NLL:	-8.632372856140137
Time elapsed measured in seconds:171.33904924057424
        16          -8.6324          +0.1505
Convergence threshold:0.01
Consecutive criteria failed, Buffer Reset!!
Buffer State:[]
epoch:1	class:3	Step:0	b:8	Loss:40.22841262817383	NLL:-6.719326019287109
epoch:1	class:3	Step:1	b:8	Loss:5.172877788543701	NLL:-6.599407196044922
epoch:1	class:3	Step:2	b:8	Loss:-1.246999979019165	NLL:-8.517169952392578
epoch:1	class:3	Step:3	b:8	Loss:-2.8903393745422363	NLL:-9.500170707702637
epoch:1	class:3	Step:4	b:8	Loss:-3.4080209732055664	NLL:-9.860028266906738
epoch:1	class:3	Latest NLL:	-9.86313533782959
Time elapsed measured in seconds:174.22334613930434
        17          -9.8631          +0.1426
Convergence threshold:0.01
Consecutive criteria failed, Buffer Reset!!
Buffer State:[]
epoch:1	class:3	Step:0	b:8	Loss:-3.856706380844116	NLL:-9.998875617980957
epoch:1	class:3	Step:1	b:8	Loss:-3.9952845573425293	NLL:-10.129963874816895
epoch:1	class:3	Step:2	b:8	Loss:-4.050326824188232	NLL:-10.200957298278809
epoch:1	class:3	Step:3	b:8	Loss:-4.1351752281188965	NLL:-10.249555587768555
epoch:1	class:3	Step:4	b:8	Loss:-4.095346927642822	NLL:-10.291730880737305
epoch:1	class:3	Latest NLL:	-10.321940422058105
Time elapsed measured in seconds:175.30019703134894
        18         -10.3219          +0.0465
Convergence threshold:0.01
Consecutive criteria failed, Buffer Reset!!
Buffer State:[]
epoch:1	class:3	Step:0	b:8	Loss:-4.100213527679443	NLL:-10.333662986755371
epoch:1	class:3	Step:1	b:8	Loss:-4.066912651062012	NLL:-10.367759704589844
epoch:1	class:3	Step:2	b:8	Loss:-4.157467365264893	NLL:-10.388583183288574
epoch:1	class:3	Step:3	b:8	Loss:-4.200627326965332	NLL:-10.421858787536621
epoch:1	class:3	Step:4	b:8	Loss:-4.229275703430176	NLL:-10.450578689575195
epoch:1	class:3	Latest NLL:	-10.478153228759766
Time elapsed measured in seconds:176.65526864677668
        19         -10.4782          +0.0151
Convergence threshold:0.01
Consecutive criteria failed, Buffer Reset!!
Buffer State:[]
epoch:1	class:3	Step:0	b:8	Loss:-4.2096734046936035	NLL:-10.486855506896973
epoch:1	class:3	Step:1	b:8	Loss:-3.7256698608398438	NLL:-10.339184761047363
epoch:1	class:3	Step:2	b:8	Loss:28.846378326416016	NLL:-9.664015769958496
epoch:1	class:3	Step:3	b:8	Loss:1.0717445611953735	NLL:-9.736266136169434
epoch:1	class:3	Step:4	b:8	Loss:-2.159848690032959	NLL:-9.835284233093262
epoch:1	class:3	Latest NLL:	-9.952826499938965
Time elapsed measured in seconds:165.2548541072756
        20          -9.9528          +0.0501
Convergence threshold:0.01
Consecutive criteria failed, Buffer Reset!!
Buffer State:[]
epoch:1	class:3	Step:0	b:8	Loss:-4.412537574768066	NLL:-9.873702049255371
epoch:1	class:3	Step:1	b:8	Loss:-4.757728576660156	NLL:-10.102005958557129
epoch:1	class:3	Step:2	b:8	Loss:-4.918747901916504	NLL:-10.296792030334473
epoch:1	class:3	Step:3	b:8	Loss:-4.956493854522705	NLL:-10.365875244140625
epoch:1	class:3	Step:4	b:8	Loss:-5.00485897064209	NLL:-10.448530197143555
epoch:1	class:3	Latest NLL:	-10.615724563598633
Time elapsed measured in seconds:164.02992292772979
        21         -10.6157          +0.0666
Convergence threshold:0.01
Consecutive criteria failed, Buffer Reset!!
Buffer State:[]
epoch:1	class:3	Step:0	b:8	Loss:-5.4552321434021	NLL:-10.621227264404297
epoch:1	class:3	Step:1	b:8	Loss:-5.408407688140869	NLL:-10.648649215698242
epoch:1	class:3	Step:2	b:8	Loss:-5.518307209014893	NLL:-10.675393104553223
epoch:1	class:3	Step:3	b:8	Loss:-5.516167163848877	NLL:-10.696593284606934
epoch:1	class:3	Step:4	b:8	Loss:-5.521697044372559	NLL:-10.716184616088867
epoch:1	class:3	Latest NLL:	-10.751375198364258
Time elapsed measured in seconds:162.09466872364283
        22         -10.7514          +0.0128
Convergence threshold:0.01
Consecutive criteria failed, Buffer Reset!!
Buffer State:[]
epoch:1	class:3	Step:0	b:8	Loss:-5.651155948638916	NLL:-10.731823921203613
epoch:1	class:3	Step:1	b:8	Loss:-5.631405353546143	NLL:-10.770197868347168
epoch:1	class:3	Step:2	b:8	Loss:-5.705590724945068	NLL:-10.780557632446289
epoch:1	class:3	Step:3	b:8	Loss:-5.500341892242432	NLL:-10.62358570098877
epoch:1	class:3	Step:4	b:8	Loss:-5.726658344268799	NLL:-10.800576210021973
epoch:1	class:3	Latest NLL:	-10.826316833496094
Time elapsed measured in seconds:163.84146873373538
        23         -10.8263          +0.0070
Convergence threshold:0.01
Convergence attained!!
Iteration:22
epoch:1	class:3	Step:0	b:8	Loss:-5.78646993637085	NLL:-10.850004196166992
epoch:1	class:3	Step:1	b:8	Loss:-5.896417617797852	NLL:-10.874828338623047
epoch:1	class:3	Step:2	b:8	Loss:-5.942615985870361	NLL:-10.8958740234375
epoch:1	class:3	Step:3	b:8	Loss:-5.796461582183838	NLL:-10.894500732421875
epoch:1	class:3	Step:4	b:8	Loss:-5.838655948638916	NLL:-10.922496795654297
epoch:1	class:3	Latest NLL:	-10.94451904296875
Time elapsed measured in seconds:164.6772035183385
        24         -10.9445          +0.0109
Convergence threshold:0.01
Consecutive criteria failed, Buffer Reset!!
Buffer State:[22]
epoch:1	class:3	Step:0	b:8	Loss:-5.875053405761719	NLL:-10.895215034484863
epoch:1	class:3	Step:1	b:8	Loss:-5.89700174331665	NLL:-10.924229621887207
epoch:1	class:3	Step:2	b:8	Loss:-5.977741718292236	NLL:-10.96200180053711
epoch:1	class:3	Step:3	b:8	Loss:-5.903253555297852	NLL:-10.940088272094727
epoch:1	class:3	Step:4	b:8	Loss:-5.932604789733887	NLL:-10.938421249389648
epoch:1	class:3	Latest NLL:	-10.946974754333496
Time elapsed measured in seconds:164.06842383369803
        25         -10.9470          +0.0002
Convergence threshold:0.01
Convergence attained!!
Iteration:24
epoch:1	class:3	Step:0	b:8	Loss:-5.962230682373047	NLL:-10.91907787322998
epoch:1	class:3	Step:1	b:8	Loss:-6.045923233032227	NLL:-10.968327522277832
epoch:1	class:3	Step:2	b:8	Loss:-5.729647159576416	NLL:-10.684989929199219
epoch:1	class:3	Step:3	b:8	Loss:-6.012916564941406	NLL:-10.926775932312012
epoch:1	class:3	Step:4	b:8	Loss:-6.112263202667236	NLL:-11.032220840454102
epoch:1	class:3	Latest NLL:	-11.070931434631348
Time elapsed measured in seconds:164.7119323881343
        26         -11.0709          +0.0113
Convergence threshold:0.01
Consecutive criteria failed, Buffer Reset!!
Buffer State:[24]
epoch:1	class:3	Step:0	b:8	Loss:-6.1579365730285645	NLL:-11.076887130737305
epoch:1	class:3	Step:1	b:8	Loss:-6.189960956573486	NLL:-11.090784072875977
epoch:1	class:3	Step:2	b:8	Loss:-6.241746425628662	NLL:-11.121134757995605
epoch:1	class:3	Step:3	b:8	Loss:-6.173249244689941	NLL:-11.144240379333496
epoch:1	class:3	Step:4	b:8	Loss:-6.223775386810303	NLL:-11.163074493408203
epoch:1	class:3	Latest NLL:	-11.1759672164917
Time elapsed measured in seconds:163.14398483280092
        27         -11.1760          +0.0095
Convergence threshold:0.01
Convergence attained!!
Iteration:26
epoch:1	class:3	Step:0	b:8	Loss:-6.333165645599365	NLL:-11.17643928527832
epoch:1	class:3	Step:1	b:8	Loss:-6.279438495635986	NLL:-11.189579010009766
epoch:1	class:3	Step:2	b:8	Loss:-6.330713272094727	NLL:-11.205666542053223
epoch:1	class:3	Step:3	b:8	Loss:-6.333802223205566	NLL:-11.22636604309082
epoch:1	class:3	Step:4	b:8	Loss:-6.310266971588135	NLL:-11.23066520690918
epoch:1	class:3	Latest NLL:	-11.230768203735352
Time elapsed measured in seconds:163.0951411612332
        28         -11.2308          +0.0049
Convergence threshold:0.01
Convergence attained!!
Iteration:27
epoch:1	class:3	Step:0	b:8	Loss:-6.404359817504883	NLL:-11.248547554016113
epoch:1	class:3	Step:1	b:8	Loss:-6.401993751525879	NLL:-11.258413314819336
epoch:1	class:3	Step:2	b:8	Loss:-6.422393798828125	NLL:-11.278800010681152
epoch:1	class:3	Step:3	b:8	Loss:-6.445376396179199	NLL:-11.300483703613281
epoch:1	class:3	Step:4	b:8	Loss:-6.352822780609131	NLL:-11.198086738586426
epoch:1	class:3	Latest NLL:	-11.325336456298828
Time elapsed measured in seconds:165.35982273705304
        29         -11.3253          +0.0084
Convergence threshold:0.01
Convergence attained!!
Iteration:28
epoch:1	class:3	Step:0	b:8	Loss:-6.568121910095215	NLL:-11.328110694885254
epoch:1	class:3	Step:1	b:8	Loss:-6.508130073547363	NLL:-11.280121803283691
epoch:1	class:3	Step:2	b:8	Loss:-6.531560897827148	NLL:-11.289667129516602
epoch:1	class:3	Step:3	b:8	Loss:-6.5605363845825195	NLL:-11.33166217803955
epoch:1	class:3	Step:4	b:8	Loss:-6.6418046951293945	NLL:-11.365202903747559
epoch:1	class:3	Latest NLL:	-11.370977401733398
Time elapsed measured in seconds:165.19568177126348
        30         -11.3710          +0.0040
Convergence threshold:0.01
Convergence attained!!
Iteration:29
Consecutive iterations are:[26, 27, 28, 29]
Exit and Convergence reached after 4 iterations for relative change in NLL below :0.01
Fri May 29 00:12:51 UTC 2020 : python bin/train_class_glow.py data/train.39.pkl models/epoch1_class3.mdlc
No. of samples considered:535, batch_size:64, num_training iterations (max):70, lr:5e-05
The total number of params: 71040 and the number of trainable params:71040
No. of Flowsteps:12, No.of Multiscale layers:1
Try to push to device: cuda:0
epoch:1	class:3	Push model to cuda:0. Done.
epoch:1	class:3	Step:0	b:8	Loss:10288.1025390625	NLL:7413.8564453125
epoch:1	class:3	Step:1	b:8	Loss:3358.837158203125	NLL:2099.771240234375
epoch:1	class:3	Step:2	b:8	Loss:890.6151733398438	NLL:490.3745422363281
epoch:1	class:3	Step:3	b:8	Loss:263.3587646484375	NLL:132.41738891601562
epoch:1	class:3	Step:4	b:8	Loss:146.90025329589844	NLL:93.32085418701172
epoch:1	class:3	Latest NLL:	57.688018798828125
Time elapsed measured in seconds:38.6325957197696
         1          57.6880             +nan
Convergence threshold:0.01
Consecutive criteria failed, Buffer Reset!!
Buffer State:[]
epoch:1	class:3	Step:0	b:8	Loss:37.609249114990234	NLL:48.182254791259766
epoch:1	class:3	Step:1	b:8	Loss:14.837061882019043	NLL:28.42633628845215
epoch:1	class:3	Step:2	b:8	Loss:1.0641416311264038	NLL:10.173141479492188
epoch:1	class:3	Step:3	b:8	Loss:-0.947137713432312	NLL:9.277560234069824
epoch:1	class:3	Step:4	b:8	Loss:-2.9883384704589844	NLL:2.855574369430542
epoch:1	class:3	Latest NLL:	-3.1834349632263184
Time elapsed measured in seconds:37.516793152317405
         2          -3.1834          +1.0552
Convergence threshold:0.01
Consecutive criteria failed, Buffer Reset!!
Buffer State:[]
epoch:1	class:3	Step:0	b:8	Loss:-3.8130600452423096	NLL:-3.7995963096618652
epoch:1	class:3	Step:1	b:8	Loss:-4.023870944976807	NLL:-4.050759315490723
epoch:1	class:3	Step:2	b:8	Loss:-4.408429145812988	NLL:-4.3650970458984375
epoch:1	class:3	Step:3	b:8	Loss:-4.645043849945068	NLL:-4.516809463500977
epoch:1	class:3	Step:4	b:8	Loss:-4.723240852355957	NLL:-4.690030574798584
epoch:1	class:3	Latest NLL:	-4.760461330413818
Time elapsed measured in seconds:38.717763697728515
         3          -4.7605          +0.4954
Convergence threshold:0.01
Consecutive criteria failed, Buffer Reset!!
Buffer State:[]
epoch:1	class:3	Step:0	b:8	Loss:-4.80752420425415	NLL:-4.847750186920166
epoch:1	class:3	Step:1	b:8	Loss:-4.919753551483154	NLL:-4.953248023986816
epoch:1	class:3	Step:2	b:8	Loss:-5.046053409576416	NLL:-5.0454535484313965
epoch:1	class:3	Step:3	b:8	Loss:-5.25763463973999	NLL:-5.25467586517334
epoch:1	class:3	Step:4	b:8	Loss:-5.456274509429932	NLL:-5.422720909118652
epoch:1	class:3	Latest NLL:	-5.593781471252441
Time elapsed measured in seconds:38.74762137979269
         4          -5.5938          +0.1751
Convergence threshold:0.01
Consecutive criteria failed, Buffer Reset!!
Buffer State:[]
epoch:1	class:3	Step:0	b:8	Loss:-5.539006233215332	NLL:-5.6339216232299805
epoch:1	class:3	Step:1	b:8	Loss:-5.760912895202637	NLL:-5.759688377380371
epoch:1	class:3	Step:2	b:8	Loss:-5.925429344177246	NLL:-5.8871750831604
epoch:1	class:3	Step:3	b:8	Loss:-5.956736087799072	NLL:-5.972890377044678
epoch:1	class:3	Step:4	b:8	Loss:-6.194799423217773	NLL:-6.160121440887451
epoch:1	class:3	Latest NLL:	-5.967584133148193
Time elapsed measured in seconds:38.706353241577744
         5          -5.9676          +0.0668
Convergence threshold:0.01
Consecutive criteria failed, Buffer Reset!!
Buffer State:[]
epoch:1	class:3	Step:0	b:8	Loss:-6.214447975158691	NLL:-6.219048500061035
epoch:1	class:3	Step:1	b:8	Loss:-6.484007358551025	NLL:-6.498781681060791
epoch:1	class:3	Step:2	b:8	Loss:-6.6693596839904785	NLL:-6.56876277923584
epoch:1	class:3	Step:3	b:8	Loss:-6.58342170715332	NLL:-6.572820663452148
epoch:1	class:3	Step:4	b:8	Loss:-6.529185771942139	NLL:-6.629851818084717
epoch:1	class:3	Latest NLL:	-6.284008979797363
Time elapsed measured in seconds:38.84946637041867
         6          -6.2840          +0.0530
Convergence threshold:0.01
Consecutive criteria failed, Buffer Reset!!
Buffer State:[]
epoch:1	class:3	Step:0	b:8	Loss:-6.577032566070557	NLL:-6.589045524597168
epoch:1	class:3	Step:1	b:8	Loss:-6.968045234680176	NLL:-6.976375102996826
epoch:1	class:3	Step:2	b:8	Loss:-7.004914283752441	NLL:-7.009185791015625
epoch:1	class:3	Step:3	b:8	Loss:-6.892307758331299	NLL:-6.89094352722168
epoch:1	class:3	Step:4	b:8	Loss:-5.935628890991211	NLL:-5.855964183807373
epoch:1	class:3	Latest NLL:	-6.8712239265441895
Time elapsed measured in seconds:38.827901899814606
         7          -6.8712          +0.0934
Convergence threshold:0.01
Consecutive criteria failed, Buffer Reset!!
Buffer State:[]
epoch:1	class:3	Step:0	b:8	Loss:-5.558714866638184	NLL:-5.597603797912598
epoch:1	class:3	Step:1	b:8	Loss:-6.678415775299072	NLL:-6.656138896942139
epoch:1	class:3	Step:2	b:8	Loss:-7.426111221313477	NLL:-7.414921283721924
epoch:1	class:3	Step:3	b:8	Loss:-7.64739990234375	NLL:-7.629505634307861
epoch:1	class:3	Step:4	b:8	Loss:-7.68866491317749	NLL:-7.6872782707214355
epoch:1	class:3	Latest NLL:	-7.750295162200928
Time elapsed measured in seconds:38.624658674001694
         8          -7.7503          +0.1279
Convergence threshold:0.01
Consecutive criteria failed, Buffer Reset!!
Buffer State:[]
epoch:1	class:3	Step:0	b:8	Loss:-7.672232151031494	NLL:-7.6925554275512695
epoch:1	class:3	Step:1	b:8	Loss:-7.7403564453125	NLL:-7.728156089782715
epoch:1	class:3	Step:2	b:8	Loss:-7.576376438140869	NLL:-7.61531925201416
epoch:1	class:3	Step:3	b:8	Loss:-7.802422523498535	NLL:-7.7224531173706055
epoch:1	class:3	Step:4	b:8	Loss:-5.778472900390625	NLL:-5.7859673500061035
epoch:1	class:3	Latest NLL:	-6.5345659255981445
Time elapsed measured in seconds:38.0823764577508
         9          -6.5346          +0.1569
Convergence threshold:0.01
Consecutive criteria failed, Buffer Reset!!
Buffer State:[]
epoch:1	class:3	Step:0	b:8	Loss:-7.414266109466553	NLL:-7.402973651885986
epoch:1	class:3	Step:1	b:8	Loss:-7.091883659362793	NLL:-7.161305904388428
epoch:1	class:3	Step:2	b:8	Loss:-7.844446659088135	NLL:-7.616722583770752
epoch:1	class:3	Step:3	b:8	Loss:-8.057644844055176	NLL:-8.05495834350586
epoch:1	class:3	Step:4	b:8	Loss:-8.01497745513916	NLL:-8.072112083435059
epoch:1	class:3	Latest NLL:	-8.074414253234863
Time elapsed measured in seconds:38.116192039102316
        10          -8.0744          +0.2356
Convergence threshold:0.01
Consecutive criteria failed, Buffer Reset!!
Buffer State:[]
epoch:1	class:3	Step:0	b:8	Loss:-7.935041904449463	NLL:-7.921824932098389
epoch:1	class:3	Step:1	b:8	Loss:-8.202310562133789	NLL:-8.280113220214844
epoch:1	class:3	Step:2	b:8	Loss:-8.465155601501465	NLL:-8.39404296875
epoch:1	class:3	Step:3	b:8	Loss:-8.417546272277832	NLL:-8.383129119873047
epoch:1	class:3	Step:4	b:8	Loss:-8.551986694335938	NLL:-8.387289047241211
epoch:1	class:3	Latest NLL:	-8.455276489257812
Time elapsed measured in seconds:39.110622733831406
        11          -8.4553          +0.0472
Convergence threshold:0.01
Consecutive criteria failed, Buffer Reset!!
Buffer State:[]
epoch:1	class:3	Step:0	b:8	Loss:-8.497836112976074	NLL:-8.520275115966797
epoch:1	class:3	Step:1	b:8	Loss:-8.534786224365234	NLL:-8.602776527404785
epoch:1	class:3	Step:2	b:8	Loss:-8.554551124572754	NLL:-8.674964904785156
epoch:1	class:3	Step:3	b:8	Loss:-8.652413368225098	NLL:-8.699286460876465
epoch:1	class:3	Step:4	b:8	Loss:-8.676654815673828	NLL:-8.756709098815918
epoch:1	class:3	Latest NLL:	-8.824511528015137
Time elapsed measured in seconds:39.13014405593276
        12          -8.8245          +0.0437
Convergence threshold:0.01
Consecutive criteria failed, Buffer Reset!!
Buffer State:[]
epoch:1	class:3	Step:0	b:8	Loss:-8.850985527038574	NLL:-8.773938179016113
epoch:1	class:3	Step:1	b:8	Loss:-8.706357955932617	NLL:-8.761039733886719
epoch:1	class:3	Step:2	b:8	Loss:-8.882246017456055	NLL:-8.891414642333984
epoch:1	class:3	Step:3	b:8	Loss:-8.851042747497559	NLL:-8.918642044067383
epoch:1	class:3	Step:4	b:8	Loss:-8.73190689086914	NLL:-8.660221099853516
epoch:1	class:3	Latest NLL:	-8.364677429199219
Time elapsed measured in seconds:39.09560398384929
        13          -8.3647          +0.0521
Convergence threshold:0.01
Consecutive criteria failed, Buffer Reset!!
Buffer State:[]
epoch:1	class:3	Step:0	b:8	Loss:-8.477636337280273	NLL:-8.511353492736816
epoch:1	class:3	Step:1	b:8	Loss:-8.862159729003906	NLL:-8.876471519470215
epoch:1	class:3	Step:2	b:8	Loss:-9.041484832763672	NLL:-9.096064567565918
epoch:1	class:3	Step:3	b:8	Loss:-9.260703086853027	NLL:-9.166117668151855
epoch:1	class:3	Step:4	b:8	Loss:-9.222734451293945	NLL:-9.151808738708496
epoch:1	class:3	Latest NLL:	-9.219097137451172
Time elapsed measured in seconds:39.35056485980749
        14          -9.2191          +0.1021
Convergence threshold:0.01
Consecutive criteria failed, Buffer Reset!!
Buffer State:[]
epoch:1	class:3	Step:0	b:8	Loss:-9.195796966552734	NLL:-9.232523918151855
epoch:1	class:3	Step:1	b:8	Loss:-9.227149963378906	NLL:-9.337064743041992
epoch:1	class:3	Step:2	b:8	Loss:-9.36816692352295	NLL:-9.384566307067871
epoch:1	class:3	Step:3	b:8	Loss:-9.302217483520508	NLL:-9.314192771911621
epoch:1	class:3	Step:4	b:8	Loss:-9.387393951416016	NLL:-9.387667655944824
epoch:1	class:3	Latest NLL:	-9.519208908081055
Time elapsed measured in seconds:39.499069614335895
        15          -9.5192          +0.0326
Convergence threshold:0.01
Consecutive criteria failed, Buffer Reset!!
Buffer State:[]
epoch:1	class:3	Step:0	b:8	Loss:-9.527359962463379	NLL:-9.51004695892334
epoch:1	class:3	Step:1	b:8	Loss:-9.517919540405273	NLL:-9.479162216186523
epoch:1	class:3	Step:2	b:8	Loss:-9.652168273925781	NLL:-9.485495567321777
epoch:1	class:3	Step:3	b:8	Loss:-9.583571434020996	NLL:-9.6052885055542
epoch:1	class:3	Step:4	b:8	Loss:-9.674898147583008	NLL:-9.7095947265625
epoch:1	class:3	Latest NLL:	-9.740765571594238
Time elapsed measured in seconds:39.4792968723923
        16          -9.7408          +0.0233
Convergence threshold:0.01
Consecutive criteria failed, Buffer Reset!!
Buffer State:[]
epoch:1	class:3	Step:0	b:8	Loss:-9.659822463989258	NLL:-9.754286766052246
epoch:1	class:3	Step:1	b:8	Loss:-9.897921562194824	NLL:-9.780607223510742
epoch:1	class:3	Step:2	b:8	Loss:-9.808308601379395	NLL:-9.831092834472656
epoch:1	class:3	Step:3	b:8	Loss:-9.898000717163086	NLL:-9.884132385253906
epoch:1	class:3	Step:4	b:8	Loss:-9.85497760772705	NLL:-9.928452491760254
epoch:1	class:3	Latest NLL:	-9.92615795135498
Time elapsed measured in seconds:37.278457121923566
        17          -9.9262          +0.0190
Convergence threshold:0.01
Consecutive criteria failed, Buffer Reset!!
Buffer State:[]
epoch:1	class:3	Step:0	b:8	Loss:-6.257167339324951	NLL:-7.825275897979736
epoch:1	class:3	Step:1	b:8	Loss:49.59880447387695	NLL:40.52824401855469
epoch:1	class:3	Step:2	b:8	Loss:-1.35933518409729	NLL:-1.146809697151184
epoch:1	class:3	Step:3	b:8	Loss:-7.4102349281311035	NLL:-7.214644908905029
epoch:1	class:3	Step:4	b:8	Loss:-8.78864860534668	NLL:-8.74549674987793
epoch:1	class:3	Latest NLL:	-9.005254745483398
Time elapsed measured in seconds:38.5649952609092
        18          -9.0053          +0.0928
Convergence threshold:0.01
Consecutive criteria failed, Buffer Reset!!
Buffer State:[]
epoch:1	class:3	Step:0	b:8	Loss:-9.265151977539062	NLL:-9.303265571594238
epoch:1	class:3	Step:1	b:8	Loss:-9.51248550415039	NLL:-9.492847442626953
epoch:1	class:3	Step:2	b:8	Loss:-9.540035247802734	NLL:-9.61751937866211
epoch:1	class:3	Step:3	b:8	Loss:-9.653315544128418	NLL:-9.7011137008667
epoch:1	class:3	Step:4	b:8	Loss:-9.725154876708984	NLL:-9.751188278198242
epoch:1	class:3	Latest NLL:	-9.779735565185547
Time elapsed measured in seconds:38.30948766693473
        19          -9.7797          +0.0860
Convergence threshold:0.01
Consecutive criteria failed, Buffer Reset!!
Buffer State:[]
epoch:1	class:3	Step:0	b:8	Loss:-9.808958053588867	NLL:-9.792021751403809
epoch:1	class:3	Step:1	b:8	Loss:-9.683842658996582	NLL:-9.824946403503418
epoch:1	class:3	Step:2	b:8	Loss:-9.772866249084473	NLL:-9.855103492736816
epoch:1	class:3	Step:3	b:8	Loss:-9.848654747009277	NLL:-9.882282257080078
epoch:1	class:3	Step:4	b:8	Loss:-9.933591842651367	NLL:-9.90972900390625
epoch:1	class:3	Latest NLL:	-9.927831649780273
Time elapsed measured in seconds:36.41600343771279
        20          -9.9278          +0.0151
Convergence threshold:0.01
Consecutive criteria failed, Buffer Reset!!
Buffer State:[]
epoch:1	class:3	Step:0	b:8	Loss:-10.100170135498047	NLL:-9.935076713562012
epoch:1	class:3	Step:1	b:8	Loss:-9.974431037902832	NLL:-9.96002197265625
epoch:1	class:3	Step:2	b:8	Loss:-10.040122032165527	NLL:-9.985815048217773
epoch:1	class:3	Step:3	b:8	Loss:-10.11338996887207	NLL:-10.011387825012207
epoch:1	class:3	Step:4	b:8	Loss:-10.071318626403809	NLL:-10.03806209564209
epoch:1	class:3	Latest NLL:	-10.055299758911133
Time elapsed measured in seconds:38.770102789625525
        21         -10.0553          +0.0128
Convergence threshold:0.01
Consecutive criteria failed, Buffer Reset!!
Buffer State:[]
epoch:1	class:3	Step:0	b:8	Loss:-10.002117156982422	NLL:-10.060338973999023
epoch:1	class:3	Step:1	b:8	Loss:-10.137492179870605	NLL:-10.08613109588623
epoch:1	class:3	Step:2	b:8	Loss:-10.077595710754395	NLL:-10.108712196350098
epoch:1	class:3	Step:3	b:8	Loss:-9.927231788635254	NLL:-10.134745597839355
epoch:1	class:3	Step:4	b:8	Loss:-10.084453582763672	NLL:-10.15793514251709
epoch:1	class:3	Latest NLL:	-10.173575401306152
Time elapsed measured in seconds:36.74903315491974
        22         -10.1736          +0.0118
Convergence threshold:0.01
Consecutive criteria failed, Buffer Reset!!
Buffer State:[]
epoch:1	class:3	Step:0	b:8	Loss:-10.133034706115723	NLL:-10.180130004882812
epoch:1	class:3	Step:1	b:8	Loss:-10.10592269897461	NLL:-10.199845314025879
epoch:1	class:3	Step:2	b:8	Loss:-10.16694450378418	NLL:-10.225394248962402
epoch:1	class:3	Step:3	b:8	Loss:-10.18620491027832	NLL:-10.246451377868652
epoch:1	class:3	Step:4	b:8	Loss:-10.30983829498291	NLL:-10.26844310760498
epoch:1	class:3	Latest NLL:	-10.285003662109375
Time elapsed measured in seconds:37.80995857715607
        23         -10.2850          +0.0110
Convergence threshold:0.01
Consecutive criteria failed, Buffer Reset!!
Buffer State:[]
epoch:1	class:3	Step:0	b:8	Loss:-10.28877067565918	NLL:-10.290907859802246
epoch:1	class:3	Step:1	b:8	Loss:-10.291035652160645	NLL:-10.31273078918457
epoch:1	class:3	Step:2	b:8	Loss:-10.290421485900879	NLL:-10.335333824157715
epoch:1	class:3	Step:3	b:8	Loss:-10.352744102478027	NLL:-10.355756759643555
epoch:1	class:3	Step:4	b:8	Loss:-10.337712287902832	NLL:-10.377559661865234
epoch:1	class:3	Latest NLL:	-10.39336109161377
Time elapsed measured in seconds:38.82431364618242
        24         -10.3934          +0.0105
Convergence threshold:0.01
Consecutive criteria failed, Buffer Reset!!
Buffer State:[]
epoch:1	class:3	Step:0	b:8	Loss:-10.521679878234863	NLL:-10.399347305297852
epoch:1	class:3	Step:1	b:8	Loss:-10.45678424835205	NLL:-10.419278144836426
epoch:1	class:3	Step:2	b:8	Loss:-10.364261627197266	NLL:-10.441009521484375
epoch:1	class:3	Step:3	b:8	Loss:-10.414212226867676	NLL:-10.461862564086914
epoch:1	class:3	Step:4	b:8	Loss:-10.57945728302002	NLL:-10.483778953552246
epoch:1	class:3	Latest NLL:	-10.498104095458984
Time elapsed measured in seconds:38.4762620460242
        25         -10.4981          +0.0101
Convergence threshold:0.01
Consecutive criteria failed, Buffer Reset!!
Buffer State:[]
epoch:1	class:3	Step:0	b:8	Loss:-10.526810646057129	NLL:-10.503007888793945
epoch:1	class:3	Step:1	b:8	Loss:-10.430535316467285	NLL:-10.518486976623535
epoch:1	class:3	Step:2	b:8	Loss:-10.431368827819824	NLL:-10.538431167602539
epoch:1	class:3	Step:3	b:8	Loss:-10.521811485290527	NLL:-10.562932014465332
epoch:1	class:3	Step:4	b:8	Loss:-10.681654930114746	NLL:-10.582937240600586
epoch:1	class:3	Latest NLL:	-10.594820022583008
Time elapsed measured in seconds:37.97279582358897
        26         -10.5948          +0.0092
Convergence threshold:0.01
Convergence attained!!
Iteration:25
epoch:1	class:3	Step:0	b:8	Loss:-10.665620803833008	NLL:-10.601869583129883
epoch:1	class:3	Step:1	b:8	Loss:-10.676396369934082	NLL:-10.621426582336426
epoch:1	class:3	Step:2	b:8	Loss:-10.548933029174805	NLL:-10.637592315673828
epoch:1	class:3	Step:3	b:8	Loss:-10.521833419799805	NLL:-10.648900985717773
epoch:1	class:3	Step:4	b:8	Loss:-10.871639251708984	NLL:-10.663716316223145
epoch:1	class:3	Latest NLL:	-10.675395011901855
Time elapsed measured in seconds:38.64181826263666
        27         -10.6754          +0.0076
Convergence threshold:0.01
Convergence attained!!
Iteration:26
epoch:1	class:3	Step:0	b:8	Loss:-10.596293449401855	NLL:-10.683905601501465
epoch:1	class:3	Step:1	b:8	Loss:-10.781110763549805	NLL:-10.70305347442627
epoch:1	class:3	Step:2	b:8	Loss:-10.666119575500488	NLL:-10.731398582458496
epoch:1	class:3	Step:3	b:8	Loss:-10.720829963684082	NLL:-10.749371528625488
epoch:1	class:3	Step:4	b:8	Loss:-10.63477611541748	NLL:-10.769770622253418
epoch:1	class:3	Latest NLL:	-10.773519515991211
Time elapsed measured in seconds:38.72882498987019
        28         -10.7735          +0.0092
Convergence threshold:0.01
Convergence attained!!
Iteration:27
Consecutive iterations are:[25, 26, 27]
Exit and Convergence reached after 3 iterations for relative change in NLL below :0.01
Fri Jun 26 18:53:20 UTC 2020 : python bin/train_class_glow.py data/train.39.pkl models/epoch1_class3.mdlc
No. of samples considered:535, batch_size:64, num_training iterations (max):70, lr:5e-05
The total number of params: 71040 and the number of trainable params:71040
No. of Flowsteps:12, No.of Multiscale layers:1
Try to push to device: cuda:0
epoch:1	class:3	Push model to cuda:0. Done.
epoch:1	class:3	Step:0	b:8	Loss:18389.26171875	NLL:16619.0390625
epoch:1	class:3	Step:1	b:8	Loss:5728.55859375	NLL:4187.24072265625
epoch:1	class:3	Step:2	b:8	Loss:1983.361328125	NLL:1402.857666015625
epoch:1	class:3	Step:3	b:8	Loss:723.5545043945312	NLL:448.9999694824219
epoch:1	class:3	Step:4	b:8	Loss:277.9190979003906	NLL:175.5751953125
epoch:1	class:3	Latest NLL:	189.34767150878906
Time elapsed measured in seconds:51.942890491336584
         1         189.3477             +nan
Convergence threshold:0.01
Consecutive criteria failed, Buffer Reset!!
Buffer State:[]
epoch:1	class:3	Step:0	b:8	Loss:96.54200744628906	NLL:75.10761260986328
epoch:1	class:3	Step:1	b:8	Loss:36.037696838378906	NLL:31.349868774414062
epoch:1	class:3	Step:2	b:8	Loss:12.966689109802246	NLL:11.181957244873047
epoch:1	class:3	Step:3	b:8	Loss:2.3414838314056396	NLL:2.546926736831665
epoch:1	class:3	Step:4	b:8	Loss:-1.3815938234329224	NLL:-1.0184826850891113
epoch:1	class:3	Latest NLL:	-3.041181802749634
Time elapsed measured in seconds:51.97563103958964
         2          -3.0412          +1.0161
Convergence threshold:0.01
Consecutive criteria failed, Buffer Reset!!
Buffer State:[]
epoch:1	class:3	Step:0	b:8	Loss:-2.6820833683013916	NLL:-2.683300495147705
epoch:1	class:3	Step:1	b:8	Loss:-3.2296671867370605	NLL:-3.2402427196502686
epoch:1	class:3	Step:2	b:8	Loss:-3.452096462249756	NLL:-3.5650792121887207
epoch:1	class:3	Step:3	b:8	Loss:-3.7344868183135986	NLL:-3.7385287284851074
epoch:1	class:3	Step:4	b:8	Loss:-4.03112268447876	NLL:-3.8060479164123535
epoch:1	class:3	Latest NLL:	-3.9294393062591553
Time elapsed measured in seconds:51.953023260459304
         3          -3.9294          +0.2921
Convergence threshold:0.01
Consecutive criteria failed, Buffer Reset!!
Buffer State:[]
epoch:1	class:3	Step:0	b:8	Loss:-4.092174530029297	NLL:-3.9838650226593018
epoch:1	class:3	Step:1	b:8	Loss:-4.2540459632873535	NLL:-4.135420322418213
epoch:1	class:3	Step:2	b:8	Loss:-4.356886386871338	NLL:-4.26779317855835
epoch:1	class:3	Step:3	b:8	Loss:-4.373264312744141	NLL:-4.396473407745361
epoch:1	class:3	Step:4	b:8	Loss:-4.603017330169678	NLL:-4.540393352508545
epoch:1	class:3	Latest NLL:	-4.638827800750732
Time elapsed measured in seconds:50.94383327104151
         4          -4.6388          +0.1805
Convergence threshold:0.01
Consecutive criteria failed, Buffer Reset!!
Buffer State:[]
epoch:1	class:3	Step:0	b:8	Loss:-4.604559421539307	NLL:-4.690417289733887
epoch:1	class:3	Step:1	b:8	Loss:-4.930892467498779	NLL:-4.836981773376465
epoch:1	class:3	Step:2	b:8	Loss:-5.012945652008057	NLL:-4.987255573272705
epoch:1	class:3	Step:3	b:8	Loss:-5.139003753662109	NLL:-5.131617546081543
epoch:1	class:3	Step:4	b:8	Loss:-5.385284900665283	NLL:-5.286216735839844
epoch:1	class:3	Latest NLL:	-5.383880138397217
Time elapsed measured in seconds:51.724700374528766
         5          -5.3839          +0.1606
Convergence threshold:0.01
Consecutive criteria failed, Buffer Reset!!
Buffer State:[]
epoch:1	class:3	Step:0	b:8	Loss:-5.477293014526367	NLL:-5.430730819702148
epoch:1	class:3	Step:1	b:8	Loss:-5.65104341506958	NLL:-5.557209014892578
epoch:1	class:3	Step:2	b:8	Loss:-5.667929649353027	NLL:-5.715930938720703
epoch:1	class:3	Step:3	b:8	Loss:-5.822434425354004	NLL:-5.84861421585083
epoch:1	class:3	Step:4	b:8	Loss:-6.029182434082031	NLL:-6.013844966888428
epoch:1	class:3	Latest NLL:	-6.06965970993042
Time elapsed measured in seconds:51.615817131474614
         6          -6.0697          +0.1274
Convergence threshold:0.01
Consecutive criteria failed, Buffer Reset!!
Buffer State:[]
epoch:1	class:3	Step:0	b:8	Loss:-6.014997959136963	NLL:-6.048901557922363
epoch:1	class:3	Step:1	b:8	Loss:-6.20281457901001	NLL:-6.169524669647217
epoch:1	class:3	Step:2	b:8	Loss:-6.188119411468506	NLL:-6.206421375274658
epoch:1	class:3	Step:3	b:8	Loss:-6.341089725494385	NLL:-6.3857269287109375
epoch:1	class:3	Step:4	b:8	Loss:-6.628025054931641	NLL:-6.564118385314941
epoch:1	class:3	Latest NLL:	-6.592392444610596
Time elapsed measured in seconds:51.788325898349285
         7          -6.5924          +0.0861
Convergence threshold:0.01
Consecutive criteria failed, Buffer Reset!!
Buffer State:[]
epoch:1	class:3	Step:0	b:8	Loss:-6.5804548263549805	NLL:-6.690317153930664
epoch:1	class:3	Step:1	b:8	Loss:-6.557278633117676	NLL:-6.680171966552734
epoch:1	class:3	Step:2	b:8	Loss:-6.70189094543457	NLL:-6.7845139503479
epoch:1	class:3	Step:3	b:8	Loss:-6.615808486938477	NLL:-6.6662797927856445
epoch:1	class:3	Step:4	b:8	Loss:-6.828879356384277	NLL:-6.781945705413818
epoch:1	class:3	Latest NLL:	-6.709957599639893
Time elapsed measured in seconds:52.08004685677588
         8          -6.7100          +0.0178
Convergence threshold:0.01
Consecutive criteria failed, Buffer Reset!!
Buffer State:[]
epoch:1	class:3	Step:0	b:8	Loss:-7.092020511627197	NLL:-7.069322109222412
epoch:1	class:3	Step:1	b:8	Loss:-7.229282855987549	NLL:-7.259791851043701
epoch:1	class:3	Step:2	b:8	Loss:-7.424691200256348	NLL:-7.332572937011719
epoch:1	class:3	Step:3	b:8	Loss:-7.294951438903809	NLL:-7.380352020263672
epoch:1	class:3	Step:4	b:8	Loss:-7.422331809997559	NLL:-7.430781841278076
epoch:1	class:3	Latest NLL:	-7.509793281555176
Time elapsed measured in seconds:51.805433293804526
         9          -7.5098          +0.1192
Convergence threshold:0.01
Consecutive criteria failed, Buffer Reset!!
Buffer State:[]
epoch:1	class:3	Step:0	b:8	Loss:-7.648759841918945	NLL:-7.605617523193359
epoch:1	class:3	Step:1	b:8	Loss:-7.6233086585998535	NLL:-7.558212757110596
epoch:1	class:3	Step:2	b:8	Loss:-7.730600833892822	NLL:-7.772995948791504
epoch:1	class:3	Step:3	b:8	Loss:-7.805503845214844	NLL:-7.757220268249512
epoch:1	class:3	Step:4	b:8	Loss:-7.786196231842041	NLL:-7.699649810791016
epoch:1	class:3	Latest NLL:	-7.617560863494873
Time elapsed measured in seconds:50.50005792453885
        10          -7.6176          +0.0144
Convergence threshold:0.01
Consecutive criteria failed, Buffer Reset!!
Buffer State:[]
epoch:1	class:3	Step:0	b:8	Loss:-7.826071262359619	NLL:-7.77498197555542
epoch:1	class:3	Step:1	b:8	Loss:-7.676766395568848	NLL:-7.6865692138671875
epoch:1	class:3	Step:2	b:8	Loss:-7.936174392700195	NLL:-7.924241065979004
epoch:1	class:3	Step:3	b:8	Loss:-8.102632522583008	NLL:-8.02931022644043
epoch:1	class:3	Step:4	b:8	Loss:-7.846224308013916	NLL:-7.882297039031982
epoch:1	class:3	Latest NLL:	-8.19354248046875
Time elapsed measured in seconds:51.88432610966265
        11          -8.1935          +0.0756
Convergence threshold:0.01
Consecutive criteria failed, Buffer Reset!!
Buffer State:[]
epoch:1	class:3	Step:0	b:8	Loss:-8.135703086853027	NLL:-8.149903297424316
epoch:1	class:3	Step:1	b:8	Loss:-8.347597122192383	NLL:-8.31822395324707
epoch:1	class:3	Step:2	b:8	Loss:-8.215991973876953	NLL:-8.327947616577148
epoch:1	class:3	Step:3	b:8	Loss:-8.1406831741333	NLL:-8.116069793701172
epoch:1	class:3	Step:4	b:8	Loss:-8.00311279296875	NLL:-8.073047637939453
epoch:1	class:3	Latest NLL:	-8.08825969696045
Time elapsed measured in seconds:52.09497395157814
        12          -8.0883          +0.0128
Convergence threshold:0.01
Consecutive criteria failed, Buffer Reset!!
Buffer State:[]
epoch:1	class:3	Step:0	b:8	Loss:-8.277143478393555	NLL:-8.296767234802246
epoch:1	class:3	Step:1	b:8	Loss:-8.509841918945312	NLL:-8.517171859741211
epoch:1	class:3	Step:2	b:8	Loss:-8.572433471679688	NLL:-8.543991088867188
epoch:1	class:3	Step:3	b:8	Loss:-8.559945106506348	NLL:-8.647598266601562
epoch:1	class:3	Step:4	b:8	Loss:-8.567922592163086	NLL:-8.632511138916016
epoch:1	class:3	Latest NLL:	-8.179065704345703
Time elapsed measured in seconds:52.23113579489291
        13          -8.1791          +0.0112
Convergence threshold:0.01
Consecutive criteria failed, Buffer Reset!!
Buffer State:[]
epoch:1	class:3	Step:0	b:8	Loss:-7.53856086730957	NLL:-7.542627811431885
epoch:1	class:3	Step:1	b:8	Loss:-7.693271160125732	NLL:-7.6085076332092285
epoch:1	class:3	Step:2	b:8	Loss:-8.301286697387695	NLL:-8.290740013122559
epoch:1	class:3	Step:3	b:8	Loss:-8.541229248046875	NLL:-8.559992790222168
epoch:1	class:3	Step:4	b:8	Loss:-8.622209548950195	NLL:-8.649004936218262
epoch:1	class:3	Latest NLL:	-8.558649063110352
Time elapsed measured in seconds:51.782592775300145
        14          -8.5586          +0.0464
Convergence threshold:0.01
Consecutive criteria failed, Buffer Reset!!
Buffer State:[]
epoch:1	class:3	Step:0	b:8	Loss:-8.720881462097168	NLL:-8.745158195495605
epoch:1	class:3	Step:1	b:8	Loss:-7.780882358551025	NLL:-7.7093586921691895
epoch:1	class:3	Step:2	b:8	Loss:-8.264569282531738	NLL:-8.275471687316895
epoch:1	class:3	Step:3	b:8	Loss:-8.729738235473633	NLL:-8.726229667663574
epoch:1	class:3	Step:4	b:8	Loss:-8.898812294006348	NLL:-8.884723663330078
epoch:1	class:3	Latest NLL:	-9.10665512084961
Time elapsed measured in seconds:51.72340305708349
        15          -9.1067          +0.0640
Convergence threshold:0.01
Consecutive criteria failed, Buffer Reset!!
Buffer State:[]
epoch:1	class:3	Step:0	b:8	Loss:-9.08764934539795	NLL:-9.008179664611816
epoch:1	class:3	Step:1	b:8	Loss:-8.887179374694824	NLL:-8.91606330871582
epoch:1	class:3	Step:2	b:8	Loss:-8.606884956359863	NLL:-8.496764183044434
epoch:1	class:3	Step:3	b:8	Loss:-8.482373237609863	NLL:-8.43497371673584
epoch:1	class:3	Step:4	b:8	Loss:-8.212629318237305	NLL:-8.19698715209961
epoch:1	class:3	Latest NLL:	-8.816658020019531
Time elapsed measured in seconds:51.49962002038956
        16          -8.8167          +0.0318
Convergence threshold:0.01
Consecutive criteria failed, Buffer Reset!!
Buffer State:[]
epoch:1	class:3	Step:0	b:8	Loss:-8.87208080291748	NLL:-8.881723403930664
epoch:1	class:3	Step:1	b:8	Loss:-9.296483993530273	NLL:-9.163026809692383
epoch:1	class:3	Step:2	b:8	Loss:-9.43393611907959	NLL:-9.33726692199707
epoch:1	class:3	Step:3	b:8	Loss:-9.423076629638672	NLL:-9.417195320129395
epoch:1	class:3	Step:4	b:8	Loss:-9.32524585723877	NLL:-9.326075553894043
epoch:1	class:3	Latest NLL:	-9.434612274169922
Time elapsed measured in seconds:51.742454651743174
        17          -9.4346          +0.0701
Convergence threshold:0.01
Consecutive criteria failed, Buffer Reset!!
Buffer State:[]
epoch:1	class:3	Step:0	b:8	Loss:-9.358586311340332	NLL:-9.33266544342041
epoch:1	class:3	Step:1	b:8	Loss:-9.501973152160645	NLL:-9.463261604309082
epoch:1	class:3	Step:2	b:8	Loss:-9.456515312194824	NLL:-9.547307968139648
epoch:1	class:3	Step:3	b:8	Loss:-9.337027549743652	NLL:-9.410000801086426
epoch:1	class:3	Step:4	b:8	Loss:-9.599976539611816	NLL:-9.543917655944824
epoch:1	class:3	Latest NLL:	-9.370650291442871
Time elapsed measured in seconds:52.106797367334366
        18          -9.3707          +0.0068
Convergence threshold:0.01
Convergence attained!!
Iteration:17
epoch:1	class:3	Step:0	b:8	Loss:-9.211880683898926	NLL:-9.297768592834473
epoch:1	class:3	Step:1	b:8	Loss:-9.454367637634277	NLL:-9.358072280883789
epoch:1	class:3	Step:2	b:8	Loss:-9.62072467803955	NLL:-9.64169692993164
epoch:1	class:3	Step:3	b:8	Loss:-9.730717658996582	NLL:-9.661874771118164
epoch:1	class:3	Step:4	b:8	Loss:-9.71866512298584	NLL:-9.658613204956055
epoch:1	class:3	Latest NLL:	-9.791961669921875
Time elapsed measured in seconds:52.09060160629451
        19          -9.7920          +0.0450
Convergence threshold:0.01
Consecutive criteria failed, Buffer Reset!!
Buffer State:[17]
epoch:1	class:3	Step:0	b:8	Loss:-9.662138938903809	NLL:-9.747762680053711
epoch:1	class:3	Step:1	b:8	Loss:-9.518841743469238	NLL:-9.496681213378906
epoch:1	class:3	Step:2	b:8	Loss:-9.601570129394531	NLL:-9.667524337768555
epoch:1	class:3	Step:3	b:8	Loss:-9.787412643432617	NLL:-9.768668174743652
epoch:1	class:3	Step:4	b:8	Loss:-9.8095064163208	NLL:-9.878790855407715
epoch:1	class:3	Latest NLL:	-9.906479835510254
Time elapsed measured in seconds:51.861741518601775
        20          -9.9065          +0.0117
Convergence threshold:0.01
Consecutive criteria failed, Buffer Reset!!
Buffer State:[]
epoch:1	class:3	Step:0	b:8	Loss:-9.877729415893555	NLL:-9.909221649169922
epoch:1	class:3	Step:1	b:8	Loss:-9.918105125427246	NLL:-9.950164794921875
epoch:1	class:3	Step:2	b:8	Loss:-9.908390998840332	NLL:-9.96772575378418
epoch:1	class:3	Step:3	b:8	Loss:-9.976590156555176	NLL:-9.984944343566895
epoch:1	class:3	Step:4	b:8	Loss:-10.028634071350098	NLL:-9.865906715393066
epoch:1	class:3	Latest NLL:	-10.017821311950684
Time elapsed measured in seconds:51.72277267463505
        21         -10.0178          +0.0112
Convergence threshold:0.01
Consecutive criteria failed, Buffer Reset!!
Buffer State:[]
epoch:1	class:3	Step:0	b:8	Loss:-9.907402992248535	NLL:-9.921284675598145
epoch:1	class:3	Step:1	b:8	Loss:-9.785789489746094	NLL:-9.845318794250488
epoch:1	class:3	Step:2	b:8	Loss:-8.884571075439453	NLL:-8.830398559570312
epoch:1	class:3	Step:3	b:8	Loss:-9.713741302490234	NLL:-9.703344345092773
epoch:1	class:3	Step:4	b:8	Loss:-9.817891120910645	NLL:-9.800390243530273
epoch:1	class:3	Latest NLL:	-10.174267768859863
Time elapsed measured in seconds:51.20263600535691
        22         -10.1743          +0.0156
Convergence threshold:0.01
Consecutive criteria failed, Buffer Reset!!
Buffer State:[]
epoch:1	class:3	Step:0	b:8	Loss:-10.319101333618164	NLL:-10.172191619873047
epoch:1	class:3	Step:1	b:8	Loss:-9.983235359191895	NLL:-10.011795997619629
epoch:1	class:3	Step:2	b:8	Loss:-9.310133934020996	NLL:-9.411623001098633
epoch:1	class:3	Step:3	b:8	Loss:-10.00314998626709	NLL:-9.978841781616211
epoch:1	class:3	Step:4	b:8	Loss:-9.902233123779297	NLL:-9.995856285095215
epoch:1	class:3	Latest NLL:	-10.159568786621094
Time elapsed measured in seconds:51.6907272208482
        23         -10.1596          +0.0014
Convergence threshold:0.01
Convergence attained!!
Iteration:22
epoch:1	class:3	Step:0	b:8	Loss:-9.985865592956543	NLL:-10.127206802368164
epoch:1	class:3	Step:1	b:8	Loss:-10.13304615020752	NLL:-10.143879890441895
epoch:1	class:3	Step:2	b:8	Loss:-10.223679542541504	NLL:-10.233174324035645
epoch:1	class:3	Step:3	b:8	Loss:-7.894053936004639	NLL:-8.186647415161133
epoch:1	class:3	Step:4	b:8	Loss:-7.616687297821045	NLL:-7.539824962615967
epoch:1	class:3	Latest NLL:	-10.37206745147705
Time elapsed measured in seconds:52.1568865403533
        24         -10.3721          +0.0209
Convergence threshold:0.01
Consecutive criteria failed, Buffer Reset!!
Buffer State:[22]
epoch:1	class:3	Step:0	b:8	Loss:-9.348837852478027	NLL:-9.42763900756836
epoch:1	class:3	Step:1	b:8	Loss:-9.986695289611816	NLL:-10.031062126159668
epoch:1	class:3	Step:2	b:8	Loss:-10.250313758850098	NLL:-10.317252159118652
epoch:1	class:3	Step:3	b:8	Loss:-10.36680793762207	NLL:-10.333331108093262
epoch:1	class:3	Step:4	b:8	Loss:-10.224442481994629	NLL:-10.330904006958008
epoch:1	class:3	Latest NLL:	-10.474759101867676
Time elapsed measured in seconds:52.42388095520437
        25         -10.4748          +0.0099
Convergence threshold:0.01
Convergence attained!!
Iteration:24
epoch:1	class:3	Step:0	b:8	Loss:-10.324946403503418	NLL:-10.369057655334473
epoch:1	class:3	Step:1	b:8	Loss:-10.379618644714355	NLL:-10.38901138305664
epoch:1	class:3	Step:2	b:8	Loss:-10.458332061767578	NLL:-10.497885704040527
epoch:1	class:3	Step:3	b:8	Loss:-10.524242401123047	NLL:-10.501203536987305
epoch:1	class:3	Step:4	b:8	Loss:-10.292893409729004	NLL:-10.408966064453125
epoch:1	class:3	Latest NLL:	-9.882152557373047
Time elapsed measured in seconds:52.260184755548835
        26          -9.8822          +0.0566
Convergence threshold:0.01
Consecutive criteria failed, Buffer Reset!!
Buffer State:[24]
epoch:1	class:3	Step:0	b:8	Loss:-10.093300819396973	NLL:-10.13187026977539
epoch:1	class:3	Step:1	b:8	Loss:-10.089139938354492	NLL:-10.087823867797852
epoch:1	class:3	Step:2	b:8	Loss:-10.089914321899414	NLL:-10.130083084106445
epoch:1	class:3	Step:3	b:8	Loss:-10.319613456726074	NLL:-10.394940376281738
epoch:1	class:3	Step:4	b:8	Loss:-10.564949989318848	NLL:-10.564778327941895
epoch:1	class:3	Latest NLL:	-10.536826133728027
Time elapsed measured in seconds:51.200714483857155
        27         -10.5368          +0.0662
Convergence threshold:0.01
Consecutive criteria failed, Buffer Reset!!
Buffer State:[]
epoch:1	class:3	Step:0	b:8	Loss:-10.628732681274414	NLL:-10.600028991699219
epoch:1	class:3	Step:1	b:8	Loss:-10.163361549377441	NLL:-10.159699440002441
epoch:1	class:3	Step:2	b:8	Loss:-10.533215522766113	NLL:-10.461211204528809
epoch:1	class:3	Step:3	b:8	Loss:-10.460332870483398	NLL:-10.45248031616211
epoch:1	class:3	Step:4	b:8	Loss:-10.561504364013672	NLL:-10.663178443908691
epoch:1	class:3	Latest NLL:	-10.496475219726562
Time elapsed measured in seconds:52.34642447903752
        28         -10.4965          +0.0038
Convergence threshold:0.01
Convergence attained!!
Iteration:27
epoch:1	class:3	Step:0	b:8	Loss:-10.504788398742676	NLL:-10.475850105285645
epoch:1	class:3	Step:1	b:8	Loss:-10.473729133605957	NLL:-10.575518608093262
epoch:1	class:3	Step:2	b:8	Loss:-10.779308319091797	NLL:-10.707145690917969
epoch:1	class:3	Step:3	b:8	Loss:-10.671170234680176	NLL:-10.66151237487793
epoch:1	class:3	Step:4	b:8	Loss:-10.508857727050781	NLL:-10.52846622467041
epoch:1	class:3	Latest NLL:	-10.51075553894043
Time elapsed measured in seconds:52.16569508612156
        29         -10.5108          +0.0014
Convergence threshold:0.01
Convergence attained!!
Iteration:28
epoch:1	class:3	Step:0	b:8	Loss:-10.625007629394531	NLL:-10.680981636047363
epoch:1	class:3	Step:1	b:8	Loss:-10.57247543334961	NLL:-10.653458595275879
epoch:1	class:3	Step:2	b:8	Loss:-10.76399040222168	NLL:-10.766498565673828
epoch:1	class:3	Step:3	b:8	Loss:-10.148877143859863	NLL:-10.084782600402832
epoch:1	class:3	Step:4	b:8	Loss:-10.698700904846191	NLL:-10.719738006591797
epoch:1	class:3	Latest NLL:	-10.725172996520996
Time elapsed measured in seconds:52.46662059426308
        30         -10.7252          +0.0204
Convergence threshold:0.01
Consecutive criteria failed, Buffer Reset!!
Buffer State:[27, 28]
epoch:1	class:3	Step:0	b:8	Loss:-10.973851203918457	NLL:-10.880611419677734
epoch:1	class:3	Step:1	b:8	Loss:-10.869989395141602	NLL:-10.930572509765625
epoch:1	class:3	Step:2	b:8	Loss:-10.872645378112793	NLL:-10.94960880279541
epoch:1	class:3	Step:3	b:8	Loss:-10.81489372253418	NLL:-10.807367324829102
epoch:1	class:3	Step:4	b:8	Loss:-10.858929634094238	NLL:-10.763683319091797
epoch:1	class:3	Latest NLL:	-10.760030746459961
Time elapsed measured in seconds:52.1765553150326
        31         -10.7600          +0.0033
Convergence threshold:0.01
Convergence attained!!
Iteration:30
epoch:1	class:3	Step:0	b:8	Loss:-10.848780632019043	NLL:-10.83145809173584
epoch:1	class:3	Step:1	b:8	Loss:-11.057024955749512	NLL:-11.00487995147705
epoch:1	class:3	Step:2	b:8	Loss:-10.97208309173584	NLL:-11.002338409423828
epoch:1	class:3	Step:3	b:8	Loss:-10.701203346252441	NLL:-10.762439727783203
epoch:1	class:3	Step:4	b:8	Loss:-11.02072811126709	NLL:-10.993790626525879
epoch:1	class:3	Latest NLL:	-11.089356422424316
Time elapsed measured in seconds:51.796118788421154
        32         -11.0894          +0.0306
Convergence threshold:0.01
Consecutive criteria failed, Buffer Reset!!
Buffer State:[30]
epoch:1	class:3	Step:0	b:8	Loss:-10.93775463104248	NLL:-11.021489143371582
epoch:1	class:3	Step:1	b:8	Loss:-11.17540454864502	NLL:-11.070194244384766
epoch:1	class:3	Step:2	b:8	Loss:-11.187557220458984	NLL:-11.126007080078125
epoch:1	class:3	Step:3	b:8	Loss:-11.125007629394531	NLL:-11.138921737670898
epoch:1	class:3	Step:4	b:8	Loss:-11.171874046325684	NLL:-11.176087379455566
epoch:1	class:3	Latest NLL:	-11.199527740478516
Time elapsed measured in seconds:51.07341453060508
        33         -11.1995          +0.0099
Convergence threshold:0.01
Convergence attained!!
Iteration:32
epoch:1	class:3	Step:0	b:8	Loss:-11.410046577453613	NLL:-11.179388046264648
epoch:1	class:3	Step:1	b:8	Loss:-11.225248336791992	NLL:-11.208671569824219
epoch:1	class:3	Step:2	b:8	Loss:-10.17024040222168	NLL:-10.203422546386719
epoch:1	class:3	Step:3	b:8	Loss:-10.466315269470215	NLL:-10.373615264892578
epoch:1	class:3	Step:4	b:8	Loss:-10.745206832885742	NLL:-10.807914733886719
epoch:1	class:3	Latest NLL:	-11.185342788696289
Time elapsed measured in seconds:52.249324636533856
        34         -11.1853          +0.0013
Convergence threshold:0.01
Convergence attained!!
Iteration:33
epoch:1	class:3	Step:0	b:8	Loss:-11.302688598632812	NLL:-11.112075805664062
epoch:1	class:3	Step:1	b:8	Loss:-11.062286376953125	NLL:-11.171431541442871
epoch:1	class:3	Step:2	b:8	Loss:-10.783580780029297	NLL:-10.895829200744629
epoch:1	class:3	Step:3	b:8	Loss:-11.023778915405273	NLL:-11.079939842224121
epoch:1	class:3	Step:4	b:8	Loss:-11.32104206085205	NLL:-11.27956771850586
epoch:1	class:3	Latest NLL:	-11.268108367919922
Time elapsed measured in seconds:52.26809801906347
        35         -11.2681          +0.0074
Convergence threshold:0.01
Convergence attained!!
Iteration:34
Consecutive iterations are:[32, 33, 34]
Exit and Convergence reached after 3 iterations for relative change in NLL below :0.01
Thu Jul 2 09:35:28 UTC 2020 : python bin/train_class_glow.py data/train.39.pkl models/epoch1_class3.mdlc
No. of samples considered:535, batch_size:64, num_training iterations (max):70, lr:5e-05
Weight Normalization applied on Conv layers:True
The total number of params: 71040 and the number of trainable params:71040
No. of Flowsteps:12, No.of Multiscale layers:1
Try to push to device: cuda:0
epoch:1	class:3	Push model to cuda:0. Done.
epoch:1	class:3	Step:0	b:8	Loss:15669.1787109375	NLL:15314.73828125
epoch:1	class:3	Step:1	b:8	Loss:5172.1796875	NLL:4476.12451171875
epoch:1	class:3	Step:2	b:8	Loss:1791.9168701171875	NLL:1592.6773681640625
epoch:1	class:3	Step:3	b:8	Loss:602.414794921875	NLL:476.6844177246094
epoch:1	class:3	Step:4	b:8	Loss:221.3095245361328	NLL:172.73793029785156
epoch:1	class:3	Latest NLL:	194.6442108154297
Time elapsed measured in seconds:39.656141644343734
         1         194.6442             +nan
Convergence threshold:0.02
Consecutive criteria failed, Buffer Reset!!
Buffer State:[]
epoch:1	class:3	Step:0	b:8	Loss:91.57776641845703	NLL:89.24855041503906
epoch:1	class:3	Step:1	b:8	Loss:22.510461807250977	NLL:18.72762680053711
epoch:1	class:3	Step:2	b:8	Loss:8.308820724487305	NLL:8.916097640991211
epoch:1	class:3	Step:3	b:8	Loss:2.777001142501831	NLL:3.5982842445373535
epoch:1	class:3	Step:4	b:8	Loss:-2.0638539791107178	NLL:-1.561771273612976
epoch:1	class:3	Latest NLL:	-3.4835751056671143
Time elapsed measured in seconds:37.78442129679024
         2          -3.4836          +1.0179
Convergence threshold:0.02
Consecutive criteria failed, Buffer Reset!!
Buffer State:[]
epoch:1	class:3	Step:0	b:8	Loss:-3.4179883003234863	NLL:-3.34421968460083
epoch:1	class:3	Step:1	b:8	Loss:-3.80083966255188	NLL:-3.8001341819763184
epoch:1	class:3	Step:2	b:8	Loss:-4.18565559387207	NLL:-4.152960777282715
epoch:1	class:3	Step:3	b:8	Loss:-4.359810829162598	NLL:-4.338695049285889
epoch:1	class:3	Step:4	b:8	Loss:-4.50674295425415	NLL:-4.4836812019348145
epoch:1	class:3	Latest NLL:	-4.572114944458008
Time elapsed measured in seconds:38.00010836496949
         3          -4.5721          +0.3125
Convergence threshold:0.02
Consecutive criteria failed, Buffer Reset!!
Buffer State:[]
epoch:1	class:3	Step:0	b:8	Loss:-4.6216301918029785	NLL:-4.619779109954834
epoch:1	class:3	Step:1	b:8	Loss:-4.827812194824219	NLL:-4.773168087005615
epoch:1	class:3	Step:2	b:8	Loss:-4.877142429351807	NLL:-4.92611026763916
epoch:1	class:3	Step:3	b:8	Loss:-5.05950403213501	NLL:-5.060337066650391
epoch:1	class:3	Step:4	b:8	Loss:-5.232538223266602	NLL:-5.2205281257629395
epoch:1	class:3	Latest NLL:	-5.3167643547058105
Time elapsed measured in seconds:38.027332942932844
         4          -5.3168          +0.1629
Convergence threshold:0.02
Consecutive criteria failed, Buffer Reset!!
Buffer State:[]
epoch:1	class:3	Step:0	b:8	Loss:-5.366554260253906	NLL:-5.3709893226623535
epoch:1	class:3	Step:1	b:8	Loss:-5.597332000732422	NLL:-5.519378185272217
epoch:1	class:3	Step:2	b:8	Loss:-5.74560022354126	NLL:-5.65974760055542
epoch:1	class:3	Step:3	b:8	Loss:-5.835536003112793	NLL:-5.807279586791992
epoch:1	class:3	Step:4	b:8	Loss:-5.944304466247559	NLL:-5.91703462600708
epoch:1	class:3	Latest NLL:	-5.9257731437683105
Time elapsed measured in seconds:39.10544537566602
         5          -5.9258          +0.1145
Convergence threshold:0.02
Consecutive criteria failed, Buffer Reset!!
Buffer State:[]
epoch:1	class:3	Step:0	b:8	Loss:-6.0672807693481445	NLL:-6.045366287231445
epoch:1	class:3	Step:1	b:8	Loss:-6.150522708892822	NLL:-6.137966632843018
epoch:1	class:3	Step:2	b:8	Loss:-6.371303558349609	NLL:-6.334883689880371
epoch:1	class:3	Step:3	b:8	Loss:-6.575399875640869	NLL:-6.455338954925537
epoch:1	class:3	Step:4	b:8	Loss:-6.626460552215576	NLL:-6.5896382331848145
epoch:1	class:3	Latest NLL:	-6.647702217102051
Time elapsed measured in seconds:38.88518770597875
         6          -6.6477          +0.1218
Convergence threshold:0.02
Consecutive criteria failed, Buffer Reset!!
Buffer State:[]
epoch:1	class:3	Step:0	b:8	Loss:-6.71693229675293	NLL:-6.70359468460083
epoch:1	class:3	Step:1	b:8	Loss:-6.769115447998047	NLL:-6.795965194702148
epoch:1	class:3	Step:2	b:8	Loss:-6.9350056648254395	NLL:-6.907730579376221
epoch:1	class:3	Step:3	b:8	Loss:-7.02946662902832	NLL:-6.985701560974121
epoch:1	class:3	Step:4	b:8	Loss:-7.149943828582764	NLL:-7.1208600997924805
epoch:1	class:3	Latest NLL:	-7.17131233215332
Time elapsed measured in seconds:39.10835856758058
         7          -7.1713          +0.0788
Convergence threshold:0.02
Consecutive criteria failed, Buffer Reset!!
Buffer State:[]
epoch:1	class:3	Step:0	b:8	Loss:-7.258320331573486	NLL:-7.206398010253906
epoch:1	class:3	Step:1	b:8	Loss:-7.345908164978027	NLL:-7.25556755065918
epoch:1	class:3	Step:2	b:8	Loss:-7.326821327209473	NLL:-7.378871440887451
epoch:1	class:3	Step:3	b:8	Loss:-7.506455421447754	NLL:-7.460009574890137
epoch:1	class:3	Step:4	b:8	Loss:-7.531735897064209	NLL:-7.543646812438965
epoch:1	class:3	Latest NLL:	-7.559718608856201
Time elapsed measured in seconds:38.28267124667764
         8          -7.5597          +0.0542
Convergence threshold:0.02
Consecutive criteria failed, Buffer Reset!!
Buffer State:[]
epoch:1	class:3	Step:0	b:8	Loss:-7.541847229003906	NLL:-7.600856781005859
epoch:1	class:3	Step:1	b:8	Loss:-7.744898319244385	NLL:-7.706971168518066
epoch:1	class:3	Step:2	b:8	Loss:-7.681143760681152	NLL:-7.731108665466309
epoch:1	class:3	Step:3	b:8	Loss:-1.0857053995132446	NLL:-1.257330060005188
epoch:1	class:3	Step:4	b:8	Loss:-5.150101184844971	NLL:-5.183713436126709
epoch:1	class:3	Latest NLL:	-7.487412452697754
Time elapsed measured in seconds:38.31729185581207
         9          -7.4874          +0.0096
Convergence threshold:0.02
Convergence attained!!
Iteration:8
epoch:1	class:3	Step:0	b:8	Loss:-7.345438480377197	NLL:-7.327030181884766
epoch:1	class:3	Step:1	b:8	Loss:-7.673561096191406	NLL:-7.776906967163086
epoch:1	class:3	Step:2	b:8	Loss:-7.761927127838135	NLL:-7.838415622711182
epoch:1	class:3	Step:3	b:8	Loss:-8.028416633605957	NLL:-7.984274864196777
epoch:1	class:3	Step:4	b:8	Loss:-8.116259574890137	NLL:-8.133219718933105
epoch:1	class:3	Latest NLL:	-8.180670738220215
Time elapsed measured in seconds:38.90797638334334
        10          -8.1807          +0.0926
Convergence threshold:0.02
Consecutive criteria failed, Buffer Reset!!
Buffer State:[8]
epoch:1	class:3	Step:0	b:8	Loss:-8.225678443908691	NLL:-8.216728210449219
epoch:1	class:3	Step:1	b:8	Loss:-8.319703102111816	NLL:-8.281397819519043
epoch:1	class:3	Step:2	b:8	Loss:-8.35205078125	NLL:-8.322831153869629
epoch:1	class:3	Step:3	b:8	Loss:-8.38963794708252	NLL:-8.363434791564941
epoch:1	class:3	Step:4	b:8	Loss:-8.472150802612305	NLL:-8.429383277893066
epoch:1	class:3	Latest NLL:	-8.463356971740723
Time elapsed measured in seconds:39.813501765951514
        11          -8.4634          +0.0346
Convergence threshold:0.02
Consecutive criteria failed, Buffer Reset!!
Buffer State:[]
epoch:1	class:3	Step:0	b:8	Loss:-8.365675926208496	NLL:-8.394572257995605
epoch:1	class:3	Step:1	b:8	Loss:-8.53665542602539	NLL:-8.466999053955078
epoch:1	class:3	Step:2	b:8	Loss:-7.662561416625977	NLL:-7.720476150512695
epoch:1	class:3	Step:3	b:8	Loss:-7.758229732513428	NLL:-7.844099998474121
epoch:1	class:3	Step:4	b:8	Loss:-7.9739990234375	NLL:-7.98115348815918
epoch:1	class:3	Latest NLL:	-8.485464096069336
Time elapsed measured in seconds:38.20435820892453
        12          -8.4855          +0.0026
Convergence threshold:0.02
Convergence attained!!
Iteration:11
epoch:1	class:3	Step:0	b:8	Loss:-8.273320198059082	NLL:-8.267753601074219
epoch:1	class:3	Step:1	b:8	Loss:-8.583989143371582	NLL:-8.591516494750977
epoch:1	class:3	Step:2	b:8	Loss:-8.686735153198242	NLL:-8.763154029846191
epoch:1	class:3	Step:3	b:8	Loss:-8.868450164794922	NLL:-8.810054779052734
epoch:1	class:3	Step:4	b:8	Loss:-8.902885437011719	NLL:-8.849562644958496
epoch:1	class:3	Latest NLL:	-8.89155101776123
Time elapsed measured in seconds:38.99550074338913
        13          -8.8916          +0.0479
Convergence threshold:0.02
Consecutive criteria failed, Buffer Reset!!
Buffer State:[11]
epoch:1	class:3	Step:0	b:8	Loss:-8.904805183410645	NLL:-8.894433975219727
epoch:1	class:3	Step:1	b:8	Loss:-8.982090950012207	NLL:-8.9461088180542
epoch:1	class:3	Step:2	b:8	Loss:-8.908327102661133	NLL:-8.888200759887695
epoch:1	class:3	Step:3	b:8	Loss:-8.889382362365723	NLL:-8.985295295715332
epoch:1	class:3	Step:4	b:8	Loss:-9.06249713897705	NLL:-9.046171188354492
epoch:1	class:3	Latest NLL:	-9.048714637756348
Time elapsed measured in seconds:37.8409173078835
        14          -9.0487          +0.0177
Convergence threshold:0.02
Convergence attained!!
Iteration:13
epoch:1	class:3	Step:0	b:8	Loss:-9.00897216796875	NLL:-9.057111740112305
epoch:1	class:3	Step:1	b:8	Loss:-8.964949607849121	NLL:-9.030078887939453
epoch:1	class:3	Step:2	b:8	Loss:-7.65403413772583	NLL:-7.677023410797119
epoch:1	class:3	Step:3	b:8	Loss:-8.418964385986328	NLL:-8.462125778198242
epoch:1	class:3	Step:4	b:8	Loss:-8.693791389465332	NLL:-8.70798397064209
epoch:1	class:3	Latest NLL:	-7.904273509979248
Time elapsed measured in seconds:39.07740241475403
        15          -7.9043          +0.1265
Convergence threshold:0.02
Consecutive criteria failed, Buffer Reset!!
Buffer State:[13]
epoch:1	class:3	Step:0	b:8	Loss:-8.745063781738281	NLL:-8.688737869262695
epoch:1	class:3	Step:1	b:8	Loss:-8.975326538085938	NLL:-9.048347473144531
epoch:1	class:3	Step:2	b:8	Loss:-9.227460861206055	NLL:-9.282456398010254
epoch:1	class:3	Step:3	b:8	Loss:-9.446240425109863	NLL:-9.339461326599121
epoch:1	class:3	Step:4	b:8	Loss:-9.31469440460205	NLL:-9.37026309967041
epoch:1	class:3	Latest NLL:	-9.390727996826172
Time elapsed measured in seconds:57.59346180781722
        16          -9.3907          +0.1881
Convergence threshold:0.02
Consecutive criteria failed, Buffer Reset!!
Buffer State:[]
epoch:1	class:3	Step:0	b:8	Loss:-9.392169952392578	NLL:-9.400681495666504
epoch:1	class:3	Step:1	b:8	Loss:-9.535650253295898	NLL:-9.440978050231934
epoch:1	class:3	Step:2	b:8	Loss:-9.582374572753906	NLL:-9.48778247833252
epoch:1	class:3	Step:3	b:8	Loss:-9.554387092590332	NLL:-9.522393226623535
epoch:1	class:3	Step:4	b:8	Loss:-9.548055648803711	NLL:-9.56330394744873
epoch:1	class:3	Latest NLL:	-9.589526176452637
Time elapsed measured in seconds:63.825186589732766
        17          -9.5895          +0.0212
Convergence threshold:0.02
Consecutive criteria failed, Buffer Reset!!
Buffer State:[]
epoch:1	class:3	Step:0	b:8	Loss:-9.531976699829102	NLL:-9.586343765258789
epoch:1	class:3	Step:1	b:8	Loss:-9.744304656982422	NLL:-9.615758895874023
epoch:1	class:3	Step:2	b:8	Loss:-9.754898071289062	NLL:-9.641104698181152
epoch:1	class:3	Step:3	b:8	Loss:-9.6317138671875	NLL:-9.649049758911133
epoch:1	class:3	Step:4	b:8	Loss:-9.6582670211792	NLL:-9.704798698425293
epoch:1	class:3	Latest NLL:	-9.729615211486816
Time elapsed measured in seconds:39.93324736878276
        18          -9.7296          +0.0146
Convergence threshold:0.02
Convergence attained!!
Iteration:17
epoch:1	class:3	Step:0	b:8	Loss:-9.766146659851074	NLL:-9.744585037231445
epoch:1	class:3	Step:1	b:8	Loss:-9.680933952331543	NLL:-9.69212532043457
epoch:1	class:3	Step:2	b:8	Loss:-9.667144775390625	NLL:-9.742204666137695
epoch:1	class:3	Step:3	b:8	Loss:-9.74651050567627	NLL:-9.791224479675293
epoch:1	class:3	Step:4	b:8	Loss:-9.72921371459961	NLL:-9.802070617675781
epoch:1	class:3	Latest NLL:	-9.539566993713379
Time elapsed measured in seconds:39.13694310747087
        19          -9.5396          +0.0195
Convergence threshold:0.02
Convergence attained!!
Iteration:18
epoch:1	class:3	Step:0	b:8	Loss:-9.683344841003418	NLL:-9.700142860412598
epoch:1	class:3	Step:1	b:8	Loss:-9.854984283447266	NLL:-9.826761245727539
epoch:1	class:3	Step:2	b:8	Loss:-9.940532684326172	NLL:-9.875187873840332
epoch:1	class:3	Step:3	b:8	Loss:-9.968367576599121	NLL:-9.962944030761719
epoch:1	class:3	Step:4	b:8	Loss:-10.027350425720215	NLL:-9.968997955322266
epoch:1	class:3	Latest NLL:	-10.015619277954102
Time elapsed measured in seconds:38.61944361589849
        20         -10.0156          +0.0499
Convergence threshold:0.02
Consecutive criteria failed, Buffer Reset!!
Buffer State:[17, 18]
epoch:1	class:3	Step:0	b:8	Loss:-9.935449600219727	NLL:-10.02712631225586
epoch:1	class:3	Step:1	b:8	Loss:-10.006159782409668	NLL:-10.063130378723145
epoch:1	class:3	Step:2	b:8	Loss:-10.094403266906738	NLL:-10.09133529663086
epoch:1	class:3	Step:3	b:8	Loss:-10.238901138305664	NLL:-10.126579284667969
epoch:1	class:3	Step:4	b:8	Loss:-10.14824390411377	NLL:-10.151079177856445
epoch:1	class:3	Latest NLL:	-10.183716773986816
Time elapsed measured in seconds:38.99042085558176
        21         -10.1837          +0.0168
Convergence threshold:0.02
Convergence attained!!
Iteration:20
epoch:1	class:3	Step:0	b:8	Loss:-10.272024154663086	NLL:-10.17209529876709
epoch:1	class:3	Step:1	b:8	Loss:-10.22323989868164	NLL:-10.198710441589355
epoch:1	class:3	Step:2	b:8	Loss:-10.318824768066406	NLL:-10.136385917663574
epoch:1	class:3	Step:3	b:8	Loss:-10.308003425598145	NLL:-10.237298965454102
epoch:1	class:3	Step:4	b:8	Loss:-10.245074272155762	NLL:-10.290278434753418
epoch:1	class:3	Latest NLL:	-10.317804336547852
Time elapsed measured in seconds:39.92131958901882
        22         -10.3178          +0.0132
Convergence threshold:0.02
Convergence attained!!
Iteration:21
epoch:1	class:3	Step:0	b:8	Loss:-10.201072692871094	NLL:-10.296648025512695
epoch:1	class:3	Step:1	b:8	Loss:-10.333044052124023	NLL:-10.304678916931152
epoch:1	class:3	Step:2	b:8	Loss:-10.41159439086914	NLL:-10.324783325195312
epoch:1	class:3	Step:3	b:8	Loss:-10.306573867797852	NLL:-10.312483787536621
epoch:1	class:3	Step:4	b:8	Loss:-10.005331993103027	NLL:-9.970321655273438
epoch:1	class:3	Latest NLL:	-9.842994689941406
Time elapsed measured in seconds:47.977062195539474
        23          -9.8430          +0.0460
Convergence threshold:0.02
Consecutive criteria failed, Buffer Reset!!
Buffer State:[20, 21]
epoch:1	class:3	Step:0	b:8	Loss:-10.142413139343262	NLL:-10.152633666992188
epoch:1	class:3	Step:1	b:8	Loss:-10.267833709716797	NLL:-10.33849811553955
epoch:1	class:3	Step:2	b:8	Loss:-10.432480812072754	NLL:-10.425358772277832
epoch:1	class:3	Step:3	b:8	Loss:-10.401910781860352	NLL:-10.409150123596191
epoch:1	class:3	Step:4	b:8	Loss:-10.461647987365723	NLL:-10.48612117767334
epoch:1	class:3	Latest NLL:	-10.521841049194336
Time elapsed measured in seconds:45.2992762029171
        24         -10.5218          +0.0690
Convergence threshold:0.02
Consecutive criteria failed, Buffer Reset!!
Buffer State:[]
epoch:1	class:3	Step:0	b:8	Loss:-10.51460075378418	NLL:-10.564471244812012
epoch:1	class:3	Step:1	b:8	Loss:-10.53002643585205	NLL:-10.589863777160645
epoch:1	class:3	Step:2	b:8	Loss:-10.501641273498535	NLL:-10.583963394165039
epoch:1	class:3	Step:3	b:8	Loss:-10.500211715698242	NLL:-10.580001831054688
epoch:1	class:3	Step:4	b:8	Loss:-10.66502571105957	NLL:-10.651058197021484
epoch:1	class:3	Latest NLL:	-10.684769630432129
Time elapsed measured in seconds:63.47532372735441
        25         -10.6848          +0.0155
Convergence threshold:0.02
Convergence attained!!
Iteration:24
epoch:1	class:3	Step:0	b:8	Loss:-10.51347541809082	NLL:-10.624468803405762
epoch:1	class:3	Step:1	b:8	Loss:-10.427652359008789	NLL:-10.4451265335083
epoch:1	class:3	Step:2	b:8	Loss:-10.706892013549805	NLL:-10.701671600341797
epoch:1	class:3	Step:3	b:8	Loss:-10.761229515075684	NLL:-10.690903663635254
epoch:1	class:3	Step:4	b:8	Loss:-10.706146240234375	NLL:-10.747882843017578
epoch:1	class:3	Latest NLL:	-10.765283584594727
Time elapsed measured in seconds:39.401883736252785
        26         -10.7653          +0.0075
Convergence threshold:0.02
Convergence attained!!
Iteration:25
epoch:1	class:3	Step:0	b:8	Loss:-10.832212448120117	NLL:-10.772627830505371
epoch:1	class:3	Step:1	b:8	Loss:-10.595773696899414	NLL:-10.585013389587402
epoch:1	class:3	Step:2	b:8	Loss:-10.467741012573242	NLL:-10.563364028930664
epoch:1	class:3	Step:3	b:8	Loss:-10.75980281829834	NLL:-10.721297264099121
epoch:1	class:3	Step:4	b:8	Loss:-10.877358436584473	NLL:-10.849363327026367
epoch:1	class:3	Latest NLL:	-10.901925086975098
Time elapsed measured in seconds:89.31666810065508
        27         -10.9019          +0.0127
Convergence threshold:0.02
Convergence attained!!
Iteration:26
Consecutive iterations are:[24, 25, 26]
Exit and Convergence reached after 3 iterations for relative change in NLL below :0.02
