Class:1 (oy)

 No. of samples: Train-684, Test-263
Acc_GMM:0.942	Acc_NVP:0.943	Acc_Glow:0.788	Acc_Voted:0.984
C_train:0.019	Count3_true:0.694	Count3_false:0.000	Count2_true:0.285	Count2_false:0.001	Count1_true:0.018	Count1_false:0.001
Sim_NVP-Glow:0.741	Sim_GMM-Glow:0.741	Sim_GMM-NVP:0.887

------------------------------------------------
Class:2 (r)

 No. of samples: Train-6536, Test-2523
Acc_GMM:0.742	Acc_NVP:0.750	Acc_Glow:0.841	Acc_Voted:0.908
C_train:0.182	Count3_true:0.464	Count3_false:0.000	Count2_true:0.414	Count2_false:0.028	Count1_true:0.086	Count1_false:0.008
Sim_NVP-Glow:0.636	Sim_GMM-Glow:0.628	Sim_GMM-NVP:0.572

------------------------------------------------
Class:3 (uh)

 No. of samples: Train-535, Test-221
Acc_GMM:0.751	Acc_NVP:0.606	Acc_Glow:0.009	Acc_Voted:0.566
C_train:0.015	Count3_true:0.004	Count3_false:0.009	Count2_true:0.449	Count2_false:0.120	Count1_true:0.316	Count1_false:0.103
Sim_NVP-Glow:0.095	Sim_GMM-Glow:0.050	Sim_GMM-NVP:0.462

------------------------------------------------
Class:4 (uw)

 No. of samples: Train-2463, Test-750
Acc_GMM:0.737	Acc_NVP:0.709	Acc_Glow:0.570	Acc_Voted:0.813
C_train:0.069	Count3_true:0.301	Count3_false:0.003	Count2_true:0.450	Count2_false:0.064	Count1_true:0.142	Count1_false:0.040
Sim_NVP-Glow:0.449	Sim_GMM-Glow:0.437	Sim_GMM-NVP:0.541

------------------------------------------------
Class:5 (hh)

 No. of samples: Train-2111, Test-725
Acc_GMM:0.821	Acc_NVP:0.866	Acc_Glow:0.766	Acc_Voted:0.944
C_train:0.059	Count3_true:0.541	Count3_false:0.000	Count2_true:0.378	Count2_false:0.007	Count1_true:0.067	Count1_false:0.007
Sim_NVP-Glow:0.666	Sim_GMM-Glow:0.631	Sim_GMM-NVP:0.713

------------------------------------------------
Class:6 (ey)

 No. of samples: Train-2281, Test-806
Acc_GMM:0.838	Acc_NVP:0.899	Acc_Glow:0.365	Acc_Voted:0.875
C_train:0.064	Count3_true:0.278	Count3_false:0.000	Count2_true:0.553	Count2_false:0.046	Count1_true:0.095	Count1_false:0.027
Sim_NVP-Glow:0.357	Sim_GMM-Glow:0.325	Sim_GMM-NVP:0.752

------------------------------------------------
Class:7 (f)

 No. of samples: Train-2216, Test-912
Acc_GMM:0.881	Acc_NVP:0.948	Acc_Glow:0.658	Acc_Voted:0.958
C_train:0.062	Count3_true:0.546	Count3_false:0.000	Count2_true:0.395	Count2_false:0.008	Count1_true:0.050	Count1_false:0.001
Sim_NVP-Glow:0.622	Sim_GMM-Glow:0.587	Sim_GMM-NVP:0.833

------------------------------------------------
Class:8 (l)

 No. of samples: Train-6751, Test-2699
Acc_GMM:0.702	Acc_NVP:0.897	Acc_Glow:0.605	Acc_Voted:0.884
C_train:0.188	Count3_true:0.380	Count3_false:0.000	Count2_true:0.458	Count2_false:0.013	Count1_true:0.094	Count1_false:0.055
Sim_NVP-Glow:0.550	Sim_GMM-Glow:0.430	Sim_GMM-NVP:0.631

------------------------------------------------
Class:9 (ow)

 No. of samples: Train-2133, Test-777
Acc_GMM:0.762	Acc_NVP:0.709	Acc_Glow:0.000	Acc_Voted:0.649
C_train:0.060	Count3_true:0.000	Count3_false:0.004	Count2_true:0.539	Count2_false:0.081	Count1_true:0.129	Count1_false:0.248
Sim_NVP-Glow:0.044	Sim_GMM-Glow:0.039	Sim_GMM-NVP:0.549

------------------------------------------------
Class:10 (w)

 No. of samples: Train-3138, Test-1239
Acc_GMM:0.846	Acc_NVP:0.907	Acc_Glow:0.804	Acc_Voted:0.962
C_train:0.088	Count3_true:0.615	Count3_false:0.000	Count2_true:0.329	Count2_false:0.006	Count1_true:0.008	Count1_false:0.042
Sim_NVP-Glow:0.731	Sim_GMM-Glow:0.684	Sim_GMM-NVP:0.766

------------------------------------------------
Class:11 (th)

 No. of samples: Train-751, Test-267
Acc_GMM:0.780	Acc_NVP:0.431	Acc_Glow:0.497	Acc_Voted:0.730
C_train:0.021	Count3_true:0.144	Count3_false:0.000	Count2_true:0.481	Count2_false:0.071	Count1_true:0.134	Count1_false:0.170
Sim_NVP-Glow:0.232	Sim_GMM-Glow:0.399	Sim_GMM-NVP:0.352

------------------------------------------------
Class:12 (ch)

 No. of samples: Train-822, Test-259
Acc_GMM:0.866	Acc_NVP:0.886	Acc_Glow:0.378	Acc_Voted:0.882
C_train:0.023	Count3_true:0.299	Count3_false:0.000	Count2_true:0.538	Count2_false:0.041	Count1_true:0.118	Count1_false:0.004
Sim_NVP-Glow:0.363	Sim_GMM-Glow:0.348	Sim_GMM-NVP:0.766

------------------------------------------------
Class:13 (dh)

 No. of samples: Train-2786, Test-1042
Acc_GMM:0.737	Acc_NVP:0.707	Acc_Glow:0.491	Acc_Voted:0.790
C_train:0.078	Count3_true:0.255	Count3_false:0.001	Count2_true:0.467	Count2_false:0.027	Count1_true:0.157	Count1_false:0.093
Sim_NVP-Glow:0.360	Sim_GMM-Glow:0.379	Sim_GMM-NVP:0.523

------------------------------------------------
Class:14 (y)

 No. of samples: Train-1715, Test-634
Acc_GMM:0.862	Acc_NVP:0.835	Acc_Glow:0.000	Acc_Voted:0.787
C_train:0.048	Count3_true:0.000	Count3_false:0.001	Count2_true:0.717	Count2_false:0.072	Count1_true:0.120	Count1_false:0.090
Sim_NVP-Glow:0.037	Sim_GMM-Glow:0.033	Sim_GMM-NVP:0.721

------------------------------------------------
Class:15 (k)

 No. of samples: Train-4853, Test-1611
Acc_GMM:0.799	Acc_NVP:0.892	Acc_Glow:0.736	Acc_Voted:0.931
C_train:0.135	Count3_true:0.524	Count3_false:0.000	Count2_true:0.384	Count2_false:0.021	Count1_true:0.053	Count1_false:0.018
Sim_NVP-Glow:0.657	Sim_GMM-Glow:0.602	Sim_GMM-NVP:0.720

------------------------------------------------
Class:16 (ih)

 No. of samples: Train-13692, Test-4654
Acc_GMM:0.525	Acc_NVP:0.796	Acc_Glow:0.765	Acc_Voted:0.841
C_train:0.382	Count3_true:0.320	Count3_false:0.000	Count2_true:0.469	Count2_false:0.027	Count1_true:0.076	Count1_false:0.108
Sim_NVP-Glow:0.614	Sim_GMM-Glow:0.413	Sim_GMM-NVP:0.430

------------------------------------------------
Class:17 (ah)

 No. of samples: Train-6290, Test-2343
Acc_GMM:0.541	Acc_NVP:0.547	Acc_Glow:0.576	Acc_Voted:0.679
C_train:0.175	Count3_true:0.171	Count3_false:0.002	Count2_true:0.413	Count2_false:0.062	Count1_true:0.051	Count1_false:0.302
Sim_NVP-Glow:0.347	Sim_GMM-Glow:0.327	Sim_GMM-NVP:0.319

------------------------------------------------
Class:18 (g)

 No. of samples: Train-1995, Test-746
Acc_GMM:0.849	Acc_NVP:0.888	Acc_Glow:0.748	Acc_Voted:0.944
C_train:0.056	Count3_true:0.565	Count3_false:0.000	Count2_true:0.356	Count2_false:0.014	Count1_true:0.016	Count1_false:0.049
Sim_NVP-Glow:0.669	Sim_GMM-Glow:0.645	Sim_GMM-NVP:0.753

------------------------------------------------
Class:19 (sh)

 No. of samples: Train-2388, Test-870
Acc_GMM:0.883	Acc_NVP:0.899	Acc_Glow:0.882	Acc_Voted:0.972
C_train:0.067	Count3_true:0.701	Count3_false:0.000	Count2_true:0.263	Count2_false:0.009	Count1_true:0.015	Count1_false:0.012
Sim_NVP-Glow:0.796	Sim_GMM-Glow:0.781	Sim_GMM-NVP:0.799

------------------------------------------------
Class:20 (ng)

 No. of samples: Train-1368, Test-419
Acc_GMM:0.868	Acc_NVP:0.508	Acc_Glow:0.444	Acc_Voted:0.702
C_train:0.038	Count3_true:0.205	Count3_false:0.012	Count2_true:0.448	Count2_false:0.178	Count1_true:0.097	Count1_false:0.061
Sim_NVP-Glow:0.394	Sim_GMM-Glow:0.409	Sim_GMM-NVP:0.471

------------------------------------------------
Class:21 (p)

 No. of samples: Train-2564, Test-944
Acc_GMM:0.779	Acc_NVP:0.937	Acc_Glow:0.778	Acc_Voted:0.952
C_train:0.072	Count3_true:0.559	Count3_false:0.000	Count2_true:0.379	Count2_false:0.015	Count1_true:0.013	Count1_false:0.035
Sim_NVP-Glow:0.730	Sim_GMM-Glow:0.606	Sim_GMM-NVP:0.732

------------------------------------------------
Class:22 (d)

 No. of samples: Train-3408, Test-1208
Acc_GMM:0.738	Acc_NVP:0.879	Acc_Glow:0.728	Acc_Voted:0.912
C_train:0.095	Count3_true:0.471	Count3_false:0.000	Count2_true:0.410	Count2_false:0.011	Count1_true:0.033	Count1_false:0.075
Sim_NVP-Glow:0.643	Sim_GMM-Glow:0.539	Sim_GMM-NVP:0.652

------------------------------------------------
Class:23 (iy)

 No. of samples: Train-6950, Test-2710
Acc_GMM:0.831	Acc_NVP:0.834	Acc_Glow:0.734	Acc_Voted:0.924
C_train:0.194	Count3_true:0.505	Count3_false:0.000	Count2_true:0.395	Count2_false:0.038	Count1_true:0.000	Count1_false:0.062
Sim_NVP-Glow:0.631	Sim_GMM-Glow:0.618	Sim_GMM-NVP:0.699

------------------------------------------------
Class:24 (eh)

 No. of samples: Train-3853, Test-1440
Acc_GMM:0.589	Acc_NVP:0.737	Acc_Glow:0.328	Acc_Voted:0.681
C_train:0.107	Count3_true:0.140	Count3_false:0.003	Count2_true:0.451	Count2_false:0.081	Count1_true:0.019	Count1_false:0.306
Sim_NVP-Glow:0.281	Sim_GMM-Glow:0.233	Sim_GMM-NVP:0.447

------------------------------------------------
Class:25 (ay)

 No. of samples: Train-2383, Test-852
Acc_GMM:0.861	Acc_NVP:0.882	Acc_Glow:0.594	Acc_Voted:0.919
C_train:0.066	Count3_true:0.454	Count3_false:0.000	Count2_true:0.438	Count2_false:0.017	Count1_true:0.015	Count1_false:0.077
Sim_NVP-Glow:0.527	Sim_GMM-Glow:0.523	Sim_GMM-NVP:0.765

------------------------------------------------
Class:26 (t)

 No. of samples: Train-4341, Test-1525
Acc_GMM:0.658	Acc_NVP:0.811	Acc_Glow:0.601	Acc_Voted:0.826
C_train:0.121	Count3_true:0.320	Count3_false:0.002	Count2_true:0.455	Count2_false:0.052	Count1_true:0.007	Count1_false:0.164
Sim_NVP-Glow:0.504	Sim_GMM-Glow:0.425	Sim_GMM-NVP:0.546

------------------------------------------------
Class:27 (ae)

 No. of samples: Train-3997, Test-1407
Acc_GMM:0.739	Acc_NVP:0.658	Acc_Glow:0.614	Acc_Voted:0.798
C_train:0.112	Count3_true:0.299	Count3_false:0.005	Count2_true:0.449	Count2_false:0.079	Count1_true:0.001	Count1_false:0.168
Sim_NVP-Glow:0.440	Sim_GMM-Glow:0.487	Sim_GMM-NVP:0.511

------------------------------------------------
Class:28 (dx)

 No. of samples: Train-2707, Test-940
Acc_GMM:0.900	Acc_NVP:0.852	Acc_Glow:0.880	Acc_Voted:0.973
C_train:0.076	Count3_true:0.671	Count3_false:0.000	Count2_true:0.292	Count2_false:0.003	Count1_true:0.004	Count1_false:0.030
Sim_NVP-Glow:0.746	Sim_GMM-Glow:0.793	Sim_GMM-NVP:0.768

------------------------------------------------
Class:29 (aw)

 No. of samples: Train-729, Test-216
Acc_GMM:0.896	Acc_NVP:0.702	Acc_Glow:0.657	Acc_Voted:0.908
C_train:0.020	Count3_true:0.405	Count3_false:0.000	Count2_true:0.454	Count2_false:0.011	Count1_true:0.000	Count1_false:0.130
Sim_NVP-Glow:0.458	Sim_GMM-Glow:0.593	Sim_GMM-NVP:0.628

------------------------------------------------
Class:30 (aa)

 No. of samples: Train-6003, Test-2289
Acc_GMM:0.729	Acc_NVP:0.841	Acc_Glow:0.450	Acc_Voted:0.825
C_train:0.167	Count3_true:0.278	Count3_false:0.000	Count2_true:0.487	Count2_false:0.028	Count1_true:0.000	Count1_false:0.207
Sim_NVP-Glow:0.386	Sim_GMM-Glow:0.345	Sim_GMM-NVP:0.619

------------------------------------------------
Class:31 (er)

 No. of samples: Train-5451, Test-2182
Acc_GMM:0.788	Acc_NVP:0.857	Acc_Glow:0.495	Acc_Voted:0.859
C_train:0.152	Count3_true:0.337	Count3_false:0.001	Count2_true:0.481	Count2_false:0.056	Count1_true:0.000	Count1_false:0.125
Sim_NVP-Glow:0.445	Sim_GMM-Glow:0.423	Sim_GMM-NVP:0.684

------------------------------------------------
Class:32 (jh)

 No. of samples: Train-1209, Test-372
Acc_GMM:0.863	Acc_NVP:0.866	Acc_Glow:0.661	Acc_Voted:0.930
C_train:0.034	Count3_true:0.495	Count3_false:0.000	Count2_true:0.405	Count2_false:0.013	Count1_true:0.002	Count1_false:0.084
Sim_NVP-Glow:0.586	Sim_GMM-Glow:0.570	Sim_GMM-NVP:0.749

------------------------------------------------
Class:33 (n)

 No. of samples: Train-8753, Test-3110
Acc_GMM:0.680	Acc_NVP:0.892	Acc_Glow:0.682	Acc_Voted:0.891
C_train:0.244	Count3_true:0.413	Count3_false:0.000	Count2_true:0.439	Count2_false:0.025	Count1_true:0.011	Count1_false:0.112
Sim_NVP-Glow:0.614	Sim_GMM-Glow:0.478	Sim_GMM-NVP:0.613

------------------------------------------------
Class:34 (s)

 No. of samples: Train-7474, Test-2639
Acc_GMM:0.850	Acc_NVP:0.976	Acc_Glow:0.906	Acc_Voted:0.985
C_train:0.208	Count3_true:0.752	Count3_false:0.000	Count2_true:0.229	Count2_false:0.005	Count1_true:0.000	Count1_false:0.015
Sim_NVP-Glow:0.884	Sim_GMM-Glow:0.773	Sim_GMM-NVP:0.831

------------------------------------------------
Class:35 (m)

 No. of samples: Train-4023, Test-1568
Acc_GMM:0.794	Acc_NVP:0.893	Acc_Glow:0.780	Acc_Voted:0.938
C_train:0.112	Count3_true:0.556	Count3_false:0.002	Count2_true:0.361	Count2_false:0.026	Count1_true:0.001	Count1_false:0.054
Sim_NVP-Glow:0.711	Sim_GMM-Glow:0.631	Sim_GMM-NVP:0.719

------------------------------------------------
Class:36 (v)

 No. of samples: Train-1994, Test-710
Acc_GMM:0.767	Acc_NVP:0.662	Acc_Glow:0.604	Acc_Voted:0.826
C_train:0.056	Count3_true:0.304	Count3_false:0.000	Count2_true:0.454	Count2_false:0.018	Count1_true:0.003	Count1_false:0.220
Sim_NVP-Glow:0.405	Sim_GMM-Glow:0.470	Sim_GMM-NVP:0.511

------------------------------------------------
Class:37 (b)

 No. of samples: Train-2003, Test-801
Acc_GMM:0.873	Acc_NVP:0.941	Acc_Glow:0.752	Acc_Voted:0.972
C_train:0.056	Count3_true:0.604	Count3_false:0.000	Count2_true:0.359	Count2_false:0.004	Count1_true:0.000	Count1_false:0.032
Sim_NVP-Glow:0.705	Sim_GMM-Glow:0.651	Sim_GMM-NVP:0.820

------------------------------------------------
Class:38 (z)

 No. of samples: Train-3773, Test-1273
Acc_GMM:0.763	Acc_NVP:0.616	Acc_Glow:0.558	Acc_Voted:0.738
C_train:0.105	Count3_true:0.262	Count3_false:0.019	Count2_true:0.448	Count2_false:0.176	Count1_true:0.000	Count1_false:0.094
Sim_NVP-Glow:0.470	Sim_GMM-Glow:0.483	Sim_GMM-NVP:0.517

------------------------------------------------
Class:39 (sil)

 No. of samples: Train-35847, Test-12769
Acc_GMM:0.845	Acc_NVP:0.949	Acc_Glow:0.765	Acc_Voted:0.963
C_train:1.000	Count3_true:0.614	Count3_false:0.000	Count2_true:0.333	Count2_false:0.005	Count1_true:0.000	Count1_false:0.048
Sim_NVP-Glow:0.727	Sim_GMM-Glow:0.650	Sim_GMM-NVP:0.802

------------------------------------------------
------------------------------------------------
------------------------------------------------
GMM-HMM -- Total Acc 131771/172970 = 0.7618141874313464
NVP-HMM -- Total Acc 145857/172970 = 0.843250274614095
Glow-HMM -- Total Acc 116383/172970 = 0.6728507833728392
Voted-HMM -- Total Acc 153131/172970 = 0.8853038099092329
