Class:1 (oy)

 No. of samples: Train-684, Test-263
Acc_GMM:0.890	Acc_NVP:0.722	Acc_Glow:0.779	Acc_Voted:0.916
C_train:0.019	Count3_true:0.513	Count3_false:0.000	Count2_true:0.373	Count2_false:0.011	Count1_true:0.095	Count1_false:0.008
Sim_NVP-Glow:0.574	Sim_GMM-Glow:0.703	Sim_GMM-NVP:0.646

------------------------------------------------
Class:2 (r)

 No. of samples: Train-6536, Test-2523
Acc_GMM:0.681	Acc_NVP:0.658	Acc_Glow:0.816	Acc_Voted:0.852
C_train:0.182	Count3_true:0.369	Count3_false:0.003	Count2_true:0.439	Count2_false:0.045	Count1_true:0.127	Count1_false:0.016
Sim_NVP-Glow:0.548	Sim_GMM-Glow:0.561	Sim_GMM-NVP:0.493

------------------------------------------------
Class:3 (uh)

 No. of samples: Train-535, Test-221
Acc_GMM:0.380	Acc_NVP:0.100	Acc_Glow:0.000	Acc_Voted:0.122
C_train:0.015	Count3_true:0.000	Count3_false:0.054	Count2_true:0.027	Count2_false:0.367	Count1_true:0.294	Count1_false:0.258
Sim_NVP-Glow:0.276	Sim_GMM-Glow:0.127	Sim_GMM-NVP:0.154

------------------------------------------------
Class:4 (uw)

 No. of samples: Train-2463, Test-750
Acc_GMM:0.648	Acc_NVP:0.548	Acc_Glow:0.521	Acc_Voted:0.684
C_train:0.069	Count3_true:0.191	Count3_false:0.007	Count2_true:0.404	Count2_false:0.117	Count1_true:0.207	Count1_false:0.075
Sim_NVP-Glow:0.369	Sim_GMM-Glow:0.368	Sim_GMM-NVP:0.376

------------------------------------------------
Class:5 (hh)

 No. of samples: Train-2111, Test-725
Acc_GMM:0.778	Acc_NVP:0.742	Acc_Glow:0.721	Acc_Voted:0.898
C_train:0.059	Count3_true:0.408	Count3_false:0.001	Count2_true:0.443	Count2_false:0.008	Count1_true:0.114	Count1_false:0.025
Sim_NVP-Glow:0.530	Sim_GMM-Glow:0.561	Sim_GMM-NVP:0.589

------------------------------------------------
Class:6 (ey)

 No. of samples: Train-2281, Test-806
Acc_GMM:0.805	Acc_NVP:0.769	Acc_Glow:0.373	Acc_Voted:0.799
C_train:0.064	Count3_true:0.226	Count3_false:0.000	Count2_true:0.524	Count2_false:0.082	Count1_true:0.132	Count1_false:0.037
Sim_NVP-Glow:0.341	Sim_GMM-Glow:0.319	Sim_GMM-NVP:0.623

------------------------------------------------
Class:7 (f)

 No. of samples: Train-2216, Test-912
Acc_GMM:0.844	Acc_NVP:0.872	Acc_Glow:0.627	Acc_Voted:0.920
C_train:0.062	Count3_true:0.462	Count3_false:0.000	Count2_true:0.430	Count2_false:0.024	Count1_true:0.071	Count1_false:0.013
Sim_NVP-Glow:0.556	Sim_GMM-Glow:0.546	Sim_GMM-NVP:0.737

------------------------------------------------
Class:8 (l)

 No. of samples: Train-6751, Test-2699
Acc_GMM:0.652	Acc_NVP:0.850	Acc_Glow:0.561	Acc_Voted:0.841
C_train:0.188	Count3_true:0.304	Count3_false:0.000	Count2_true:0.477	Count2_false:0.022	Count1_true:0.122	Count1_false:0.075
Sim_NVP-Glow:0.475	Sim_GMM-Glow:0.378	Sim_GMM-NVP:0.558

------------------------------------------------
Class:9 (ow)

 No. of samples: Train-2133, Test-777
Acc_GMM:0.662	Acc_NVP:0.517	Acc_Glow:0.000	Acc_Voted:0.463
C_train:0.060	Count3_true:0.000	Count3_false:0.006	Count2_true:0.331	Count2_false:0.142	Count1_true:0.171	Count1_false:0.350
Sim_NVP-Glow:0.080	Sim_GMM-Glow:0.053	Sim_GMM-NVP:0.359

------------------------------------------------
Class:10 (w)

 No. of samples: Train-3138, Test-1239
Acc_GMM:0.818	Acc_NVP:0.831	Acc_Glow:0.801	Acc_Voted:0.931
C_train:0.088	Count3_true:0.552	Count3_false:0.000	Count2_true:0.354	Count2_false:0.013	Count1_true:0.012	Count1_false:0.069
Sim_NVP-Glow:0.676	Sim_GMM-Glow:0.655	Sim_GMM-NVP:0.692

------------------------------------------------
Class:11 (th)

 No. of samples: Train-751, Test-267
Acc_GMM:0.569	Acc_NVP:0.255	Acc_Glow:0.498	Acc_Voted:0.547
C_train:0.021	Count3_true:0.075	Count3_false:0.015	Count2_true:0.352	Count2_false:0.120	Count1_true:0.180	Count1_false:0.258
Sim_NVP-Glow:0.169	Sim_GMM-Glow:0.352	Sim_GMM-NVP:0.221

------------------------------------------------
Class:12 (ch)

 No. of samples: Train-822, Test-259
Acc_GMM:0.730	Acc_NVP:0.544	Acc_Glow:0.293	Acc_Voted:0.645
C_train:0.023	Count3_true:0.097	Count3_false:0.012	Count2_true:0.486	Count2_false:0.127	Count1_true:0.239	Count1_false:0.039
Sim_NVP-Glow:0.216	Sim_GMM-Glow:0.278	Sim_GMM-NVP:0.444

------------------------------------------------
Class:13 (dh)

 No. of samples: Train-2786, Test-1042
Acc_GMM:0.621	Acc_NVP:0.562	Acc_Glow:0.457	Acc_Voted:0.669
C_train:0.078	Count3_true:0.163	Count3_false:0.000	Count2_true:0.414	Count2_false:0.046	Count1_true:0.212	Count1_false:0.165
Sim_NVP-Glow:0.283	Sim_GMM-Glow:0.302	Sim_GMM-NVP:0.364

------------------------------------------------
Class:14 (y)

 No. of samples: Train-1715, Test-634
Acc_GMM:0.762	Acc_NVP:0.647	Acc_Glow:0.000	Acc_Voted:0.595
C_train:0.048	Count3_true:0.000	Count3_false:0.003	Count2_true:0.491	Count2_false:0.129	Count1_true:0.230	Count1_false:0.147
Sim_NVP-Glow:0.076	Sim_GMM-Glow:0.054	Sim_GMM-NVP:0.500

------------------------------------------------
Class:15 (k)

 No. of samples: Train-4853, Test-1611
Acc_GMM:0.773	Acc_NVP:0.839	Acc_Glow:0.724	Acc_Voted:0.917
C_train:0.135	Count3_true:0.467	Count3_false:0.001	Count2_true:0.410	Count2_false:0.019	Count1_true:0.072	Count1_false:0.031
Sim_NVP-Glow:0.604	Sim_GMM-Glow:0.574	Sim_GMM-NVP:0.654

------------------------------------------------
Class:16 (ih)

 No. of samples: Train-13692, Test-4654
Acc_GMM:0.509	Acc_NVP:0.750	Acc_Glow:0.757	Acc_Voted:0.820
C_train:0.382	Count3_true:0.291	Count3_false:0.001	Count2_true:0.468	Count2_false:0.036	Count1_true:0.078	Count1_false:0.125
Sim_NVP-Glow:0.581	Sim_GMM-Glow:0.404	Sim_GMM-NVP:0.396

------------------------------------------------
Class:17 (ah)

 No. of samples: Train-6290, Test-2343
Acc_GMM:0.476	Acc_NVP:0.455	Acc_Glow:0.561	Acc_Voted:0.613
C_train:0.175	Count3_true:0.121	Count3_false:0.003	Count2_true:0.366	Count2_false:0.082	Count1_true:0.067	Count1_false:0.362
Sim_NVP-Glow:0.292	Sim_GMM-Glow:0.278	Sim_GMM-NVP:0.249

------------------------------------------------
Class:18 (g)

 No. of samples: Train-1995, Test-746
Acc_GMM:0.712	Acc_NVP:0.682	Acc_Glow:0.697	Acc_Voted:0.826
C_train:0.056	Count3_true:0.340	Count3_false:0.004	Count2_true:0.436	Count2_false:0.058	Count1_true:0.029	Count1_false:0.133
Sim_NVP-Glow:0.508	Sim_GMM-Glow:0.507	Sim_GMM-NVP:0.512

------------------------------------------------
Class:19 (sh)

 No. of samples: Train-2388, Test-870
Acc_GMM:0.841	Acc_NVP:0.831	Acc_Glow:0.872	Acc_Voted:0.955
C_train:0.067	Count3_true:0.605	Count3_false:0.000	Count2_true:0.337	Count2_false:0.020	Count1_true:0.018	Count1_false:0.021
Sim_NVP-Glow:0.726	Sim_GMM-Glow:0.733	Sim_GMM-NVP:0.710

------------------------------------------------
Class:20 (ng)

 No. of samples: Train-1368, Test-419
Acc_GMM:0.788	Acc_NVP:0.296	Acc_Glow:0.427	Acc_Voted:0.549
C_train:0.038	Count3_true:0.103	Count3_false:0.026	Count2_true:0.403	Count2_false:0.253	Count1_true:0.134	Count1_false:0.081
Sim_NVP-Glow:0.341	Sim_GMM-Glow:0.396	Sim_GMM-NVP:0.305

------------------------------------------------
Class:21 (p)

 No. of samples: Train-2564, Test-944
Acc_GMM:0.679	Acc_NVP:0.772	Acc_Glow:0.710	Acc_Voted:0.853
C_train:0.072	Count3_true:0.373	Count3_false:0.001	Count2_true:0.439	Count2_false:0.040	Count1_true:0.040	Count1_false:0.107
Sim_NVP-Glow:0.560	Sim_GMM-Glow:0.502	Sim_GMM-NVP:0.538

------------------------------------------------
Class:22 (d)

 No. of samples: Train-3408, Test-1208
Acc_GMM:0.682	Acc_NVP:0.716	Acc_Glow:0.726	Acc_Voted:0.853
C_train:0.095	Count3_true:0.356	Count3_false:0.000	Count2_true:0.438	Count2_false:0.032	Count1_true:0.047	Count1_false:0.127
Sim_NVP-Glow:0.526	Sim_GMM-Glow:0.515	Sim_GMM-NVP:0.497

------------------------------------------------
Class:23 (iy)

 No. of samples: Train-6950, Test-2710
Acc_GMM:0.841	Acc_NVP:0.803	Acc_Glow:0.746	Acc_Voted:0.914
C_train:0.194	Count3_true:0.502	Count3_false:0.001	Count2_true:0.392	Count2_false:0.042	Count1_true:0.000	Count1_false:0.063
Sim_NVP-Glow:0.627	Sim_GMM-Glow:0.635	Sim_GMM-NVP:0.683

------------------------------------------------
Class:24 (eh)

 No. of samples: Train-3853, Test-1440
Acc_GMM:0.532	Acc_NVP:0.571	Acc_Glow:0.294	Acc_Voted:0.569
C_train:0.107	Count3_true:0.104	Count3_false:0.006	Count2_true:0.352	Count2_false:0.126	Count1_true:0.021	Count1_false:0.391
Sim_NVP-Glow:0.253	Sim_GMM-Glow:0.208	Sim_GMM-NVP:0.348

------------------------------------------------
Class:25 (ay)

 No. of samples: Train-2383, Test-852
Acc_GMM:0.824	Acc_NVP:0.811	Acc_Glow:0.562	Acc_Voted:0.878
C_train:0.066	Count3_true:0.376	Count3_false:0.000	Count2_true:0.459	Count2_false:0.026	Count1_true:0.034	Count1_false:0.106
Sim_NVP-Glow:0.466	Sim_GMM-Glow:0.474	Sim_GMM-NVP:0.671

------------------------------------------------
Class:26 (t)

 No. of samples: Train-4341, Test-1525
Acc_GMM:0.628	Acc_NVP:0.727	Acc_Glow:0.578	Acc_Voted:0.785
C_train:0.121	Count3_true:0.254	Count3_false:0.007	Count2_true:0.463	Count2_false:0.064	Count1_true:0.010	Count1_false:0.203
Sim_NVP-Glow:0.447	Sim_GMM-Glow:0.393	Sim_GMM-NVP:0.468

------------------------------------------------
Class:27 (ae)

 No. of samples: Train-3997, Test-1407
Acc_GMM:0.728	Acc_NVP:0.588	Acc_Glow:0.601	Acc_Voted:0.768
C_train:0.112	Count3_true:0.264	Count3_false:0.007	Count2_true:0.431	Count2_false:0.088	Count1_true:0.000	Count1_false:0.210
Sim_NVP-Glow:0.404	Sim_GMM-Glow:0.472	Sim_GMM-NVP:0.455

------------------------------------------------
Class:28 (dx)

 No. of samples: Train-2707, Test-940
Acc_GMM:0.865	Acc_NVP:0.787	Acc_Glow:0.876	Acc_Voted:0.952
C_train:0.076	Count3_true:0.598	Count3_false:0.000	Count2_true:0.338	Count2_false:0.005	Count1_true:0.012	Count1_false:0.047
Sim_NVP-Glow:0.695	Sim_GMM-Glow:0.761	Sim_GMM-NVP:0.682

------------------------------------------------
Class:29 (aw)

 No. of samples: Train-729, Test-216
Acc_GMM:0.708	Acc_NVP:0.250	Acc_Glow:0.542	Acc_Voted:0.611
C_train:0.020	Count3_true:0.111	Count3_false:0.000	Count2_true:0.403	Count2_false:0.120	Count1_true:0.000	Count1_false:0.366
Sim_NVP-Glow:0.213	Sim_GMM-Glow:0.412	Sim_GMM-NVP:0.231

------------------------------------------------
Class:30 (aa)

 No. of samples: Train-6003, Test-2289
Acc_GMM:0.699	Acc_NVP:0.789	Acc_Glow:0.422	Acc_Voted:0.792
C_train:0.167	Count3_true:0.226	Count3_false:0.000	Count2_true:0.492	Count2_false:0.028	Count1_true:0.000	Count1_false:0.253
Sim_NVP-Glow:0.339	Sim_GMM-Glow:0.308	Sim_GMM-NVP:0.554

------------------------------------------------
Class:31 (er)

 No. of samples: Train-5451, Test-2182
Acc_GMM:0.765	Acc_NVP:0.801	Acc_Glow:0.450	Acc_Voted:0.813
C_train:0.152	Count3_true:0.272	Count3_false:0.003	Count2_true:0.497	Count2_false:0.076	Count1_true:0.000	Count1_false:0.152
Sim_NVP-Glow:0.396	Sim_GMM-Glow:0.387	Sim_GMM-NVP:0.614

------------------------------------------------
Class:32 (jh)

 No. of samples: Train-1209, Test-372
Acc_GMM:0.691	Acc_NVP:0.632	Acc_Glow:0.642	Acc_Voted:0.815
C_train:0.034	Count3_true:0.263	Count3_false:0.003	Count2_true:0.468	Count2_false:0.040	Count1_true:0.000	Count1_false:0.226
Sim_NVP-Glow:0.414	Sim_GMM-Glow:0.438	Sim_GMM-NVP:0.454

------------------------------------------------
Class:33 (n)

 No. of samples: Train-8753, Test-3110
Acc_GMM:0.633	Acc_NVP:0.833	Acc_Glow:0.651	Acc_Voted:0.841
C_train:0.244	Count3_true:0.346	Count3_false:0.001	Count2_true:0.449	Count2_false:0.041	Count1_true:0.017	Count1_false:0.146
Sim_NVP-Glow:0.558	Sim_GMM-Glow:0.434	Sim_GMM-NVP:0.540

------------------------------------------------
Class:34 (s)

 No. of samples: Train-7474, Test-2639
Acc_GMM:0.835	Acc_NVP:0.961	Acc_Glow:0.882	Acc_Voted:0.980
C_train:0.208	Count3_true:0.708	Count3_false:0.000	Count2_true:0.264	Count2_false:0.008	Count1_true:0.000	Count1_false:0.019
Sim_NVP-Glow:0.851	Sim_GMM-Glow:0.739	Sim_GMM-NVP:0.806

------------------------------------------------
Class:35 (m)

 No. of samples: Train-4023, Test-1568
Acc_GMM:0.772	Acc_NVP:0.784	Acc_Glow:0.776	Acc_Voted:0.894
C_train:0.112	Count3_true:0.480	Count3_false:0.002	Count2_true:0.382	Count2_false:0.054	Count1_true:0.001	Count1_false:0.080
Sim_NVP-Glow:0.633	Sim_GMM-Glow:0.624	Sim_GMM-NVP:0.626

------------------------------------------------
Class:36 (v)

 No. of samples: Train-1994, Test-710
Acc_GMM:0.690	Acc_NVP:0.587	Acc_Glow:0.587	Acc_Voted:0.748
C_train:0.056	Count3_true:0.232	Count3_false:0.000	Count2_true:0.451	Count2_false:0.035	Count1_true:0.003	Count1_false:0.279
Sim_NVP-Glow:0.358	Sim_GMM-Glow:0.414	Sim_GMM-NVP:0.411

------------------------------------------------
Class:37 (b)

 No. of samples: Train-2003, Test-801
Acc_GMM:0.743	Acc_NVP:0.660	Acc_Glow:0.702	Acc_Voted:0.821
C_train:0.056	Count3_true:0.365	Count3_false:0.002	Count2_true:0.407	Count2_false:0.042	Count1_true:0.000	Count1_false:0.184
Sim_NVP-Glow:0.503	Sim_GMM-Glow:0.546	Sim_GMM-NVP:0.502

------------------------------------------------
Class:38 (z)

 No. of samples: Train-3773, Test-1273
Acc_GMM:0.693	Acc_NVP:0.504	Acc_Glow:0.512	Acc_Voted:0.639
C_train:0.105	Count3_true:0.189	Count3_false:0.039	Count2_true:0.412	Count2_false:0.249	Count1_true:0.000	Count1_false:0.112
Sim_NVP-Glow:0.435	Sim_GMM-Glow:0.455	Sim_GMM-NVP:0.454

------------------------------------------------
Class:39 (sil)

 No. of samples: Train-35847, Test-12769
Acc_GMM:0.849	Acc_NVP:0.948	Acc_Glow:0.766	Acc_Voted:0.964
C_train:1.000	Count3_true:0.615	Count3_false:0.000	Count2_true:0.335	Count2_false:0.004	Count1_true:0.000	Count1_false:0.046
Sim_NVP-Glow:0.726	Sim_GMM-Glow:0.652	Sim_GMM-NVP:0.806

------------------------------------------------
------------------------------------------------
------------------------------------------------
GMM-HMM -- Total Acc 45465/62715 = 0.7249461851231763
NVP-HMM -- Total Acc 48284/62715 = 0.7698955592760902
Glow-HMM -- Total Acc 41018/62715 = 0.6540381089053655
Voted-HMM -- Total Acc 52632/62715 = 0.8392250657737383
